
0.0,1.62,-0.0,0.0
0.0,1.62,-0.0,0.0
0.0,1.62,-0.0,0.0
0.0,1.62,-0.0,0.0
0.0,1.62,-0.0,0.0
0.0,1.62,-0.0,0.0
0.0,1.62,-0.0,0.0
0.0,1.62,-0.0,0.0
0.0,1.62,-0.0,0.0
0.0,1.62,-0.0,0.0
0.0,1.62,-0.0,0.0
0.0,1.62,-0.0,0.0
0.01,1.62,0.01,0.0
0.01,1.62,0.01,0.0
0.01,1.62,0.01,0.0
0.01,1.62,0.01,0.0
0.01,1.62,0.01,0.0
0.01,1.62,0.01,0.0
0.01,1.62,0.01,0.0
0.01,1.62,0.01,0.0
0.01,1.62,0.01,0.0
0.01,1.62,0.01,0.0
0.0,1.62,0.01,0.0
0.0,1.62,0.01,0.0
0.0,1.62,0.01,0.0
0.0,1.62,0.01,0.0
0.0,1.62,0.01,0.0
0.0,1.62,-0.0,0.0
0.0,1.62,-0.0,0.0
0.0,1.62,-0.0,0.0
0.0,1.62,-0.0,0.0
0.0,1.62,-0.0,0.0
0.0,1.62,-0.0,0.0
0.0,1.62,-0.0,0.0
0.0,1.62,-0.0,0.0
0.0,1.62,-0.0,0.0
0.0,1.62,-0.0,0.0
0.0,1.62,-0.0,0.0
0.0,1.62,-0.0,0.0
0.0,1.62,-0.0,0.0
0.0,1.62,-0.0,0.0
0.0,1.62,-0.0,0.0
0.0,1.62,-0.0,0.0
0.0,1.62,-0.0,0.0
0.01,1.62,0.0,0.0
0.01,1.62,0.0,0.0
0.01,1.62,0.0,0.0
0.01,1.62,0.0,0.0
0.01,1.62,0.01,0.0
0.01,1.62,0.01,0.0
0.01,1.62,0.0,0.0
0.01,1.62,0.0,0.0
0.01,1.62,0.0,0.0
0.01,1.62,0.0,0.0
0.01,1.62,0.0,0.0
0.0,1.62,0.0,0.0
0.0,1.62,0.0,0.0
0.0,1.62,0.0,0.0
0.0,1.62,0.0,0.0
0.0,1.62,0.0,0.0
0.0,1.62,-0.0,0.0
0.0,1.62,-0.0,0.0
0.0,1.62,-0.0,0.0
0.0,1.62,-0.0,0.0
0.0,1.62,-0.0,0.0
0.0,1.62,-0.0,0.0
0.0,1.62,-0.0,0.0
0.0,1.62,-0.0,0.0
0.0,1.62,-0.03,0.0
0.0,1.62,-0.03,0.0
0.0,1.62,-0.03,0.0
0.0,1.62,-0.03,0.0
0.0,1.62,-0.05,0.01
0.0,1.62,-0.05,0.01
0.0,1.62,-0.05,0.01
0.0,1.62,-0.05,0.01
0.0,1.62,-0.05,0.01
0.0,1.62,-0.06,0.01
0.0,1.62,-0.06,0.01
0.0,1.62,-0.06,0.01
0.0,1.62,-0.06,0.01
0.0,1.62,-0.06,0.01
0.0,1.63,-0.09,0.01
0.0,1.63,-0.09,0.01
0.0,1.63,-0.09,0.01
0.0,1.63,-0.09,0.01
0.0,1.63,-0.09,0.01
0.0,1.63,-0.09,0.01
0.0,1.63,-0.11,0.01
0.0,1.63,-0.11,0.01
0.0,1.63,-0.11,0.01
0.0,1.63,-0.11,0.01
0.0,1.63,-0.11,0.01
0.0,1.63,-0.13,0.01
0.0,1.63,-0.13,0.01
0.0,1.63,-0.13,0.01
0.0,1.63,-0.13,0.01
0.0,1.63,-0.13,0.01
0.0,1.64,-0.15,0.01
0.0,1.64,-0.15,0.01
0.0,1.64,-0.15,0.01
0.0,1.64,-0.15,0.01
0.0,1.64,-0.15,0.01
0.0,1.64,-0.15,0.01
0.0,1.64,-0.15,0.01
0.0,1.64,-0.15,0.01
0.0,1.64,-0.15,0.01
0.0,1.64,-0.15,0.01
0.0,1.64,-0.15,0.01
0.0,1.64,-0.18,0.0
0.0,1.64,-0.18,0.0
0.0,1.64,-0.18,0.0
0.0,1.64,-0.18,0.0
0.0,1.64,-0.18,0.0
0.0,1.64,-0.18,0.0
0.0,1.65,-0.21,0.0
0.0,1.65,-0.21,0.0
0.0,1.65,-0.21,0.0
0.0,1.65,-0.21,0.0
0.0,1.65,-0.21,0.0
0.0,1.65,-0.24,0.0
0.0,1.65,-0.24,0.0
0.0,1.65,-0.24,0.0
0.0,1.65,-0.24,0.0
0.0,1.65,-0.24,0.0
0.0,1.65,-0.26,0.0
0.0,1.65,-0.26,0.0
0.0,1.65,-0.26,0.0
0.0,1.65,-0.26,0.0
0.0,1.65,-0.26,0.0
0.0,1.65,-0.26,0.0
0.0,1.65,-0.26,0.0
0.0,1.65,-0.26,0.0
0.0,1.65,-0.26,0.0
0.0,1.65,-0.26,0.0
0.01,1.65,-0.30,0.0
0.01,1.65,-0.33,-0.0
0.01,1.65,-0.33,-0.0
0.01,1.65,-0.33,-0.0
0.01,1.65,-0.33,-0.0
0.01,1.65,-0.33,-0.0
0.01,1.66,-0.35,-0.0
0.01,1.66,-0.35,-0.0
0.01,1.66,-0.35,-0.0
0.01,1.66,-0.35,-0.0
0.01,1.66,-0.35,-0.0
0.01,1.66,-0.37,-0.0
0.01,1.66,-0.37,-0.0
0.01,1.66,-0.37,-0.0
0.01,1.66,-0.37,-0.0
0.01,1.66,-0.37,-0.0
0.01,1.66,-0.37,-0.0
0.01,1.66,-0.39,-0.0
0.01,1.66,-0.39,-0.0
0.01,1.66,-0.39,-0.0
0.01,1.66,-0.39,-0.0
0.01,1.67,-0.40,-0.0
0.01,1.67,-0.40,-0.0
0.01,1.67,-0.40,-0.0
0.01,1.67,-0.40,-0.0
0.01,1.67,-0.40,-0.0
0.01,1.67,-0.40,-0.0
0.01,1.67,-0.41,-0.0
0.01,1.67,-0.41,-0.0
0.01,1.67,-0.41,-0.0
0.01,1.67,-0.41,-0.0
0.01,1.67,-0.41,-0.0
0.01,1.67,-0.41,-0.0
0.01,1.67,-0.41,-0.0
0.01,1.67,-0.41,-0.0
0.01,1.67,-0.41,-0.0
0.01,1.67,-0.41,-0.0
0.01,1.67,-0.41,-0.0
0.01,1.67,-0.41,-0.0
0.01,1.67,-0.41,-0.0
0.01,1.67,-0.41,-0.0
0.01,1.68,-0.41,-0.01
0.01,1.68,-0.41,-0.01
0.01,1.68,-0.41,-0.01
0.01,1.68,-0.41,-0.01
0.01,1.68,-0.41,-0.01
0.01,1.68,-0.41,-0.01
0.0,1.67,-0.35,-0.0
0.0,1.67,-0.35,-0.0
0.0,1.67,-0.35,-0.0
0.0,1.67,-0.35,-0.0
0.0,1.67,-0.35,-0.0
0.0,1.67,-0.34,-0.0
0.0,1.67,-0.34,-0.0
0.0,1.67,-0.34,-0.0
0.0,1.67,-0.34,-0.0
0.0,1.67,-0.34,-0.0
0.0,1.67,-0.32,-0.0
0.0,1.67,-0.32,-0.0
0.0,1.67,-0.32,-0.0
0.0,1.67,-0.32,-0.0
0.0,1.67,-0.32,-0.0
0.0,1.67,-0.29,-0.0
0.0,1.67,-0.29,-0.0
0.0,1.67,-0.29,-0.0
0.0,1.67,-0.29,-0.0
0.0,1.67,-0.29,-0.0
0.0,1.68,-0.26,-0.0
0.0,1.68,-0.26,-0.0
0.0,1.68,-0.26,-0.0
0.0,1.68,-0.26,-0.0
0.0,1.68,-0.26,-0.0
0.0,1.68,-0.23,0.0
0.0,1.68,-0.23,0.0
0.0,1.68,-0.23,0.0
0.0,1.68,-0.23,0.0
0.0,1.68,-0.23,0.0
-0.0,1.70,-0.23,0.0
-0.0,1.70,-0.23,0.0
-0.0,1.70,-0.23,0.0
-0.0,1.70,-0.23,0.0
-0.0,1.70,-0.23,0.0
-0.0,1.70,-0.19,0.0
-0.0,1.70,-0.19,0.0
-0.0,1.70,-0.19,0.0
-0.0,1.70,-0.19,0.0
-0.0,1.70,-0.19,0.0
-0.0,1.71,-0.14,0.01
-0.0,1.71,-0.14,0.01
-0.0,1.71,-0.14,0.01
-0.0,1.71,-0.14,0.01
-0.0,1.71,-0.14,0.01
-0.0,1.71,-0.14,0.01
-0.0,1.72,-0.11,0.01
-0.0,1.72,-0.11,0.01
-0.0,1.72,-0.11,0.01
-0.0,1.72,-0.11,0.01
-0.0,1.72,-0.05,0.01
-0.0,1.72,-0.05,0.01
-0.0,1.72,-0.05,0.01
-0.0,1.72,-0.05,0.01
-0.0,1.72,-0.05,0.01
-0.0,1.73,-0.0,0.01
-0.0,1.73,-0.0,0.01
-0.0,1.73,-0.0,0.01
-0.0,1.73,-0.0,0.01
-0.0,1.73,-0.0,0.01
-0.0,1.71,0.06,0.02
-0.0,1.71,0.06,0.02
-0.0,1.71,0.06,0.02
-0.0,1.71,0.06,0.02
-0.0,1.71,0.06,0.02
-0.0,1.71,0.06,0.02
-0.0,1.72,0.12,0.02
-0.0,1.72,0.12,0.02
-0.0,1.72,0.12,0.02
-0.0,1.72,0.12,0.02
-0.0,1.72,0.18,0.02
-0.0,1.72,0.18,0.02
-0.0,1.72,0.18,0.02
-0.0,1.72,0.18,0.02
-0.0,1.72,0.18,0.02
-0.0,1.72,0.18,0.02
-0.0,1.72,0.18,0.02
-0.0,1.72,0.18,0.02
-0.0,1.70,0.27,0.02
-0.0,1.70,0.27,0.02
-0.0,1.70,0.34,0.02
-0.0,1.70,0.34,0.02
-0.0,1.70,0.34,0.02
-0.0,1.70,0.34,0.02
-0.0,1.70,0.34,0.02
-0.0,1.70,0.34,0.02
-0.0,1.70,0.34,0.02
-0.0,1.70,0.40,0.02
-0.0,1.70,0.40,0.02
-0.0,1.70,0.40,0.02
-0.0,1.71,0.47,0.02
0.14,1.61,0.22,-0.02
0.14,1.61,0.22,-0.02
0.14,1.61,0.22,-0.02
0.14,1.61,0.22,-0.02
0.14,1.61,0.22,-0.02
0.14,1.61,0.22,-0.02
0.15,1.61,0.31,-0.03
0.15,1.61,0.31,-0.03
0.15,1.61,0.31,-0.03
0.16,1.60,0.38,-0.03
0.16,1.60,0.38,-0.03
0.16,1.60,0.38,-0.03
0.16,1.60,0.38,-0.03
0.16,1.60,0.38,-0.03
0.16,1.60,0.38,-0.03
0.16,1.60,0.38,-0.03
0.16,1.60,0.53,-0.02
0.16,1.60,0.53,-0.02
0.16,1.60,0.53,-0.02
0.16,1.60,0.53,-0.02
0.16,1.60,0.53,-0.02
0.16,1.60,0.53,-0.02
0.17,1.60,0.61,-0.02
0.17,1.60,0.61,-0.02
0.17,1.60,0.61,-0.02
0.17,1.60,0.61,-0.02
0.18,1.60,0.64,-0.02
0.18,1.60,0.71,-0.02
0.18,1.60,0.71,-0.02
0.19,1.60,0.70,-0.02
0.19,1.60,0.70,-0.02
0.19,1.60,0.70,-0.02
0.20,1.59,0.77,-0.02
0.20,1.59,0.77,-0.02
0.20,1.59,0.77,-0.02
0.20,1.59,0.77,-0.02
0.20,1.60,0.81,-0.02
0.21,1.59,0.88,-0.02
0.21,1.59,0.88,-0.02
0.21,1.59,0.88,-0.02
0.21,1.59,0.88,-0.02
0.21,1.59,0.88,-0.02
0.21,1.59,0.95,-0.01
0.21,1.59,0.95,-0.01
0.21,1.59,0.95,-0.01
0.21,1.59,0.95,-0.01
0.20,1.60,0.99,-0.01
0.21,1.59,1.06,-0.0
0.21,1.59,1.06,-0.0
0.21,1.59,1.06,-0.0
0.21,1.59,1.06,-0.0
0.21,1.59,1.06,-0.0
0.21,1.60,1.10,-0.0
0.22,1.59,1.17,0.0
0.22,1.59,1.17,0.0
0.22,1.59,1.17,0.0
0.22,1.59,1.17,0.0
0.22,1.59,1.17,0.0
0.23,1.59,1.24,0.01
0.23,1.59,1.24,0.01
0.23,1.59,1.24,0.01
0.23,1.59,1.24,0.01
0.18,1.62,1.31,0.03
0.18,1.62,1.31,0.03
0.18,1.62,1.31,0.03
0.18,1.62,1.31,0.03
0.18,1.62,1.30,0.04
0.18,1.62,1.30,0.04
0.18,1.62,1.36,0.06
0.18,1.62,1.36,0.06
0.18,1.62,1.36,0.06
0.18,1.62,1.36,0.06
0.18,1.62,1.39,0.06
0.18,1.62,1.39,0.06
0.19,1.61,1.44,0.07
0.19,1.61,1.44,0.07
0.19,1.61,1.44,0.07
0.19,1.61,1.44,0.07
0.14,1.64,1.54,0.10
0.14,1.64,1.53,0.10
0.14,1.64,1.53,0.10
0.14,1.64,1.53,0.10
0.14,1.64,1.53,0.10
0.13,1.64,1.53,0.10
0.14,1.64,1.59,0.12
0.14,1.64,1.59,0.12
0.14,1.64,1.59,0.12
0.14,1.64,1.59,0.12
0.14,1.64,1.59,0.12
0.14,1.64,1.65,0.13
0.14,1.64,1.65,0.13
0.14,1.64,1.65,0.13
0.08,1.66,1.64,0.15
0.08,1.66,1.64,0.15
0.08,1.66,1.69,0.16
0.08,1.66,1.69,0.16
0.08,1.66,1.69,0.16
0.08,1.66,1.69,0.16
0.08,1.66,1.69,0.16
0.08,1.66,1.73,0.17
0.08,1.66,1.73,0.17
0.08,1.66,1.73,0.17
0.08,1.66,1.73,0.17
0.08,1.66,1.73,0.17
0.07,1.66,1.78,0.19
0.07,1.66,1.78,0.19
0.07,1.66,1.78,0.19
0.07,1.66,1.78,0.19
0.07,1.66,1.78,0.19
0.03,1.68,1.77,0.20
0.03,1.68,1.77,0.20
0.03,1.68,1.77,0.20
0.03,1.68,1.77,0.20
0.02,1.68,1.79,0.21
0.02,1.68,1.79,0.21
0.02,1.68,1.79,0.21
0.01,1.68,1.83,0.21
0.01,1.68,1.83,0.21
0.01,1.68,1.83,0.21
0.01,1.68,1.83,0.21
0.01,1.68,1.83,0.21
0.01,1.68,1.83,0.21
0.01,1.68,1.88,0.22
0.0,1.68,1.94,0.22
0.03,1.66,1.95,0.21
0.03,1.66,1.95,0.21
0.03,1.66,1.95,0.21
0.03,1.66,1.95,0.21
0.03,1.66,1.99,0.21
0.03,1.66,1.99,0.21
0.03,1.66,1.99,0.21
0.03,1.66,1.99,0.21
0.02,1.66,1.96,0.21
0.02,1.66,1.96,0.21
0.02,1.66,2.01,0.20
0.02,1.66,2.01,0.20
0.02,1.66,2.01,0.20
0.02,1.66,2.01,0.20
0.01,1.65,2.06,0.19
0.01,1.65,2.06,0.19
0.01,1.65,2.06,0.19
0.01,1.65,2.06,0.19
0.01,1.65,2.06,0.19
0.0,1.66,2.06,0.19
-0.0,1.66,2.12,0.18
-0.0,1.66,2.12,0.18
-0.0,1.66,2.12,0.18
-0.0,1.66,2.12,0.18
-0.0,1.66,2.12,0.18
-0.01,1.66,2.18,0.16
-0.01,1.66,2.18,0.16
-0.01,1.66,2.18,0.16
-0.01,1.66,2.18,0.16
-0.01,1.66,2.18,0.16
-0.02,1.65,2.23,0.14
-0.02,1.65,2.23,0.14
-0.02,1.65,2.23,0.14
-0.02,1.65,2.23,0.14
-0.04,1.67,2.22,0.14
-0.05,1.67,2.28,0.12
-0.05,1.67,2.28,0.12
-0.05,1.67,2.28,0.12
-0.05,1.67,2.25,0.11
-0.05,1.67,2.25,0.11
-0.06,1.67,2.31,0.09
-0.06,1.67,2.31,0.09
-0.06,1.67,2.31,0.09
-0.06,1.67,2.31,0.09
-0.06,1.67,2.31,0.09
-0.07,1.67,2.37,0.06
-0.07,1.67,2.37,0.06
-0.07,1.67,2.37,0.06
-0.07,1.67,2.37,0.06
-0.07,1.67,2.37,0.06
-0.07,1.67,2.37,0.06
-0.07,1.66,2.42
-0.07,1.66,2.48,0.0
-0.07,1.66,2.42
-0.07,1.66,2.42
-0.07,1.66,2.48,0.0
-0.08,1.66,2.50
-0.08,1.66,2.50
-0.08,1.66,2.50
-0.08,1.66,2.50
-0.08,1.66,2.49,-0.
-0.09,1.66,2.504
-0.09,1.66,2.504
-0.09,1.66,2.56,-0.
-0.09,1.66,2.56,-0.
-0.09,1.66,2.504
-0.04,1.62,2.72,-0.
-0.04,1.62,2.708
-0.04,1.62,2.72,-0.
-0.04,1.62,2.72,-0.
-0.04,1.62,2.72,-0.08
-0.04,1.61,2.711
-0.04,1.61,2.711
-0.04,1.61,2.79,-0.
-0.04,1.61,2.711
-0.04,1.61,2.711
-0.05,1.61,2.814
-0.05,1.61,2.86,-0.
-0.05,1.61,2.86,-0.
-0.05,1.61,2.86,-0.
-0.05,1.61,2.814
-0.06,1.60,2.917
-0.06,1.60,2.917
-0.07,1.61,2.92,-0.
-0.07,1.61,2.917
-0.07,1.61,2.917
-0.07,1.60,2.99,-0.
-0.07,1.60,2.919
-0.07,1.60,2.99,-0.
-0.07,1.60,2.919
-0.07,1.60,2.99,-0.
-0.08,1.60,3.021
-0.08,1.60,3.021
-0.08,1.60,3.05,-0.
-0.08,1.60,3.021
-0.08,1.60,3.021
-0.08,1.60,3.11,-0.
-0.08,1.60,3.123
-0.08,1.60,3.123
-0.08,1.60,3.123
-0.14,1.65,3.07,-0.
-0.15,1.65,3.123
-0.15,1.65,3.123
-0.15,1.65,3.12,-0.
-0.15,1.65,3.123
-0.15,1.65,3.123
-0.15,1.65,3.15,-0.
-0.15,1.65,3.124
-0.15,1.65,3.124
-0.15,1.65,3.15,-0.
-0.15,1.65,3.124
-0.16,1.65,3.17,-0.
-0.16,1.65,3.17,-0.
-0.16,1.65,3.17,-0.
-0.16,1.65,3.125
-0.16,1.65,3.125
-0.16,1.65,3.125
-0.16,1.65,3.125
-0.16,1.65,3.125
-0.16,1.65,3.18,-0.
-0.07,1.52,3.126
-0.07,1.51,3.13,-0.
-0.07,1.51,3.126
-0.07,1.51,3.126
-0.07,1.51,3.13,-0.
-0.08,1.51,3.026
-0.08,1.50,3.07,-0.
-0.08,1.50,3.025
-0.08,1.50,3.025
-0.08,1.50,3.025
-0.08,1.50,3.07,-0.
-0.08,1.49,3.023
-0.08,1.49,3.06,-0.
-0.08,1.49,3.023
-0.08,1.49,3.06,-0.
-0.09,1.49,2.923
-0.09,1.48,2.921
-0.09,1.48,2.95,-0.
-0.09,1.48,2.921
-0.09,1.48,2.95,-0.
-0.09,1.48,2.921
0.08,0.90,1.752
0.08,0.90,1.75,-0.2
0.08,0.90,1.75,-0.2
0.08,0.90,1.73,-0.2
0.08,0.90,1.73,-0.2
0.08,0.90,1.73,-0.21
0.08,0.90,1.731
0.08,0.90,1.731
0.08,0.90,1.73,-0.2
0.40,0.97,4.777
0.40,0.93,4.822
0.40,0.93,4.82,-0.2
0.40,0.93,4.822
0.40,0.93,4.822
0.40,0.93,4.81,-0.2
0.40,0.93,4.812
0.40,0.93,4.81,-0.2
0.40,0.93,4.812
0.40,0.93,4.812
0.40,0.93,4.81,-0.2
0.51,0.97,5.835
0.51,0.97,5.83,-0.1
0.0,0.0,-0.10,
0.0,0.0,-0.10,
0.0,0.0,-0.10,
-0.0,-0.0,-0.1
-0.0,-0.0,-0.1
-0.0,-0.0,-0.11,0.0
-0.0,-1.76,-0.0
-0.0,-1.76,-0.11,0.
-0.0,-1.76,-0.0
-0.0,-1.76,-0.0
-0.0,-1.76,-0.12,0.
-0.0,-2.64,-0.11,0.
-0.0,-2.64,-0.0
-0.0,-2.64,-0.01
-0.0,-2.64,-0.01
-0.0,-2.64,-0.10,0.
0.0,-2.58,-0.00
0.0,-2.58,-0.07,-0.
0.0,-2.58,0.247
0.0,-2.58,0.247
0.0,-2.58,0.24,-0.1
0.03,-0.42,0.631
0.03,-0.42,0.67,-0.
0.05,-0.42,1.154
0.05,-0.42,1.154
0.05,-0.42,1.19,-0.
0.06,-0.46,1.157
0.06,-0.46,1.157
0.09,-0.46,1.44,-0.
0.09,-0.46,1.44,-0.
0.09,-0.46,1.485
0.09,-0.47,1.43,-0.
0.09,-0.47,1.487
0.12,-0.47,1.427
0.12,-0.47,1.49,-1.
0.12,-0.47,1.49,-1.
0.13,-0.47,1.49,-1.
0.13,-0.47,1.428
0.16,-0.48,1.57,-1.
0.16,-0.48,1.57,-1.
0.16,-0.48,1.597
0.17,-0.49,1.512
0.17,-0.49,1.54,-2.
0.21,-0.50,1.64,-3.
0.21,-0.50,1.64,-3.
0.21,-0.50,1.64,-3.
0.21,-0.50,1.685
0.21,-0.50,1.685
0.26,-0.51,1.7.71
0.26,-0.51,1.75,-15
0.26,-0.51,1.7.71
0.25,-0.50,1.87,-10
0.25,-0.50,1.8.62
0.30,-0.51,2.01,10.
0.30,-0.51,2.01,10.
0.30,-0.51,2.038
0.30,-0.51,2.006
0.30,-0.51,2.006
0.35,-0.53,2.20,3.4
0.35,-0.53,2.20,3.4
0.35,-0.53,2.21
0.35,-0.53,2.21
0.35,-0.53,2.20,3.4
0.40,-0.55,2.36,1.8
0.40,-0.55,2.35
0.40,-0.55,2.35
0.40,-0.54,2.43,1.9
0.40,-0.54,2.43,1.9
0.45,-0.56,2.63,1.1
0.45,-0.56,2.63,1.1
0.45,-0.56,2.65
0.46,-0.54,2.87
0.46,-0.54,2.87
0.52,-0.56,3.11,0.6
0.52,-0.56,3.11,0.6
0.52,-0.56,3.18
0.92,0.14,-5.70
0.92,0.14,-5.70
0.90,0.18,-5.93,3.7
0.90,0.18,-5.93,3.7
0.90,0.18,-5.93,3.7
0.90,0.21,-4.80
0.90,0.21,-4.80
0.87,0.26,-5.07
0.87,0.26,-5.05,2.8
0.87,0.26,-5.05,2.8
0.87,0.26,-5.07
0.87,0.26,-4.89
0.84,0.32,-5.17,2.0
0.84,0.32,-5.19
0.84,0.32,-5.19
0.84,0.32,-5.23,2.1
0.84,0.32,-5.20
0.82,0.37,-5.52
0.82,0.37,-5.57,1.6
0.82,0.37,-5.52
0.77,0.18,-6.91
0.77,0.18,-6.91
0.74,0.19,-7.41,1.8
0.74,0.19,-7.49
0.74,0.19,-7.41,1.8
0.73,0.19,-7.48
0.73,0.19,-7.48
0.70,0.20,-7.91,1.9
0.70,0.20,-7.91,1.9
0.70,0.20,-7.91,1.9
0.70,0.20,-7.98
0.70,0.20,-7.98
0.67,0.21,-8.41,2.2
0.67,0.21,-8.43
0.67,0.21,-8.43
0.67,0.20,-8.51,2.2
0.67,0.20,-8.51,2.2
0.64,0.21,-8.90
0.64,0.21,-8.90
0.64,0.21,-8.90
0.63,0.25,-8.60
0.63,0.25,-8.63,2.5
0.60,0.27,-8.97,3.2
0.60,0.27,-8.92
0.60,0.27,-8.92
0.61,0.28,-9.01,3.2
0.61,0.28,-9.03
0.58,0.30,-9.21
0.58,0.30,-9.28,4.7
0.58,0.30,-9.21
0.56,0.36,-8.89
0.56,0.36,-8.89
0.52,0.39,-9.02,2.0
0.52,0.39,-9.05
0.52,0.39,-9.02,2.0
0.51,0.43,-8.75
0.51,0.43,-8.73,1.4
0.48,0.46,-8.95
0.48,0.46,-8.95
0.48,0.46,-8.90,0.4
0.46,0.51,-8.53,0.4
0.46,0.51,-8.50
0.42,0.55,-8.70,-0.
0.42,0.55,-8.70,-0.
0.42,0.55,-8.70,-0.
0.38,0.60,-8.16,-0.
0.38,0.60,-8.16,-0.12
0.34,0.66,-8.346
0.34,0.66,-8.37,-0.
0.34,0.66,-8.346
0.34,0.66,-8.346
0.34,0.66,-8.346
0.29,0.72,-8.68,-0.
0.29,0.72,-8.68,-0.
0.29,0.72,-8.669
0.12,0.86,-7.137
0.12,0.86,-7.137
0.06,0.94,-7.450
0.06,0.94,-7.45,-0.
0.06,0.94,-7.45,-0.
0.06,0.94,-7.450
0.06,0.94,-7.45,-0.
0.0,0.0,0.0,0.
0.0,0.0,0.0,0.
0.0,0.0,0.0,0.0
0.0,0.0,0.0,0.0
0.0,0.0,0.0,0.0
-0.14,1.36,0.13,0.02
-0.14,1.36,0.13,0.02
-0.14,1.36,0.13,0.02
-0.14,1.36,0.13,0.02
-0.14,1.36,0.13,0.02
-0.14,1.36,0.13,0.02
-0.14,1.36,0.16,0.01
-0.14,1.36,0.11
-0.14,1.36,0.11
-0.11,1.17,0.213
-0.11,1.17,0.24,-0.
-0.11,1.16,0.214
-0.11,1.16,0.214
-0.11,1.16,0.26,-0.
-0.11,1.16,0.26,-0.
-0.11,1.16,0.26,-0.
-0.11,1.16,0.214
-0.11,1.16,0.28,-0.
-0.11,1.16,0.28,-0.
-0.11,1.16,0.218
-0.11,1.16,0.218
-0.11,1.15,0.326
-0.11,1.15,0.30,-0.
-0.11,1.15,0.326
-0.11,1.15,0.326
-0.11,1.15,0.30,-0.
-0.11,1.14,0.342
-0.11,1.14,0.32,-0.
-0.11,1.14,0.342
-0.11,1.14,0.342
-0.11,1.14,0.32,-0.
-0.11,1.14,0.34,-0.
-0.11,1.14,0.371
-0.11,1.14,0.371
-0.11,1.14,0.371
-0.11,1.14,0.34,-0.
-0.11,1.12,0.492
-0.11,1.12,0.492
-0.11,1.12,0.47,-0.
-0.11,1.12,0.492
-0.11,1.12,0.492
-0.11,1.12,0.47,-0.
-0.12,1.10,0.979
-0.12,1.10,0.95,-0.
-0.12,1.10,0.979
-0.12,1.10,0.979
-0.14,1.07,1.255
-0.14,1.07,1.23,-1.
-0.14,1.07,1.255
-0.14,1.07,1.23,-1.
-0.14,1.07,1.255
-0.16,1.05,1.26,-2.
-0.16,1.05,1.227
-0.16,1.05,1.26,-2.
-0.16,1.05,1.227
-0.16,1.05,1.26,-2.
-0.18,1.02,1.25,-3.
-0.18,1.02,1.25,-3.
-0.18,1.02,1.262
-0.18,1.02,1.25,-3.
-0.18,1.02,1.262
-0.18,1.02,1.25,-3.
-0.21,0.70,0.03,-5.
-0.21,0.70,0.03,-5.97
-0.21,0.70,0.097
-0.21,0.70,0.097
-0.21,0.70,0.03,-5.
-0.23,0.65,0.05,-38
-0.23,0.65,0.0.29
-0.23,0.65,0.0.29
-0.23,0.65,0.0.29
-0.23,0.65,0.0.29
-0.25,0.59,0.05,15.
-0.25,0.59,0.05,15.
-0.25,0.59,0.072
-0.25,0.59,0.05,15.
-0.25,0.59,0.05,15.
-0.27,0.53,0.075
-0.27,0.53,0.02,23.
-0.27,0.53,0.075
-0.27,0.53,0.075
-0.29,0.48,0.01,59.
-0.29,0.48,0.01,59.
-0.30,0.50,0.05,12.
-0.30,0.50,0.053
-0.30,0.50,0.053
-0.30,0.50,0.05,12.
-0.32,0.44,0.05,19.31
-0.32,0.44,0.031
-0.32,0.44,0.031
-0.32,0.44,0.05,19.
-0.34,0.38,0.04,47.
-0.34,0.38,0.04,47.
-0.34,0.38,0.008
-0.34,0.38,0.008
-0.34,0.38,0.04,47.
-0.36,0.33,0.0.48
-0.36,0.33,0.02,-59
-0.36,0.33,0.0.48
-0.36,0.33,0.02,-59
-0.36,0.33,0.0.48
-0.39,0.27,-0..63
-0.39,0.27,-0.0,-15
-0.39,0.27,-0..63
-0.39,0.27,-0..63
-0.54,0.40,0.01,1.2
-0.54,0.40,0.01,1.2
-0.57,0.35,-0.01,1.
-0.57,0.35,-0.23
-0.57,0.35,-0.23
-0.57,0.35,-0.23
-0.57,0.35,-0.23
-0.60,0.30,-0.01,1.
-0.60,0.30,-0.82
-0.60,0.30,-0.82
-0.60,0.30,-0.01,1.
-0.60,0.30,-0.01,1.
-0.63,0.25,-0.01,-1
-0.63,0.25,-0..20
-0.63,0.25,-0..20
-0.63,0.25,-0.01,-1
-0.63,0.25,-0..20
-0.67,0.20,0.0
-0.67,0.20,0.0,0.44
-0.67,0.20,0.0
-0.67,0.20,0.0,0.44
-0.67,0.20,0.0,0.44
-0.70,0.15,0.05
-0.70,0.15,0.05
-0.70,0.15,0.05
-0.70,0.15,0.05,0.3
-0.71,0.09,0.07,-0.
-0.71,0.09,0.07,-0.
-0.71,0.09,0.034
-0.71,0.09,0.034
-0.71,0.09,0.034
-0.71,0.09,0.07,-0.
-0.76,0.04,0.0
-0.76,0.04,0.0
-0.76,0.04,0.0,0.15
-0.76,0.04,0.0
-0.81,-0.0,-0.0,0.2
-0.81,-0.0,-0.3
-0.81,-0.0,-0.0,0.2
-0.81,-0.0,-0.3
-0.81,-0.0,-0.3
-0.81,-0.0,-0.0,0.2
-0.86,-0.06,-024
-0.86,-0.06,-0.0,0.
-0.86,-0.06,-024
-0.86,-0.06,-024
-0.86,-0.06,-024
-0.90,-0.11,-0.01,0
-0.90,-0.11,-0.33
-0.90,-0.11,-0.01,0
-0.90,-0.11,-0.33
-0.90,-0.11,-0.01,0
-0.95,-0.17,-0.03,0
-0.95,-0.17,-0.56
-0.95,-0.17,-0.03,0
-0.95,-0.17,-0.03,0
-0.95,-0.17,-0.56
-1.0,-0.22,-0.0
-1.0,-0.22,-0.0
-1.0,-0.22,-0.03,1.
-1.0,-0.22,-0.0
-1.0,-0.22,-0.0
-1.09,-0.26,-0.10,4
-1.09,-0.26,-0.10,4
-1.09,-0.26,-0.70
-1.09,-0.26,-0.70
-1.09,-0.26,-0.70
-1.23,-0.26,-0.24,-
-1.23,-0.26,-028.47
-1.23,-0.26,-0.24,-
-1.23,-0.26,-028.47
-1.23,-0.26,-0.24,-
-1.38,-0.26,-02.99
-1.38,-0.26,-0.35,-
-1.38,-0.26,-02.99
-1.38,-0.26,-02.99
-1.43,-0.31,-0.34,-
-1.43,-0.31,-0.34,-3.40
-1.43,-0.31,-03.40
-1.43,-0.31,-03.40
-1.43,-0.31,-0.34,-
-1.49,-0.37,-0.34,-
-1.49,-0.37,-0.34,-
-1.49,-0.37,-03.67
-1.49,-0.37,-03.67
-1.49,-0.37,-0.34,-
-1.55,-0.42,-03.79
-1.55,-0.42,-03.79
-1.55,-0.42,-0.34,-
-1.55,-0.42,-03.79
-1.55,-0.42,-03.79
-1.62,-0.48,-0.34,-
-1.62,-0.48,-04.17
-1.62,-0.48,-0.34,-
-1.62,-0.48,-04.17
-1.62,-0.48,-0.34,-
-1.62,-0.48,-04.17
-1.69,-0.54,-04.90
-1.69,-0.54,-0.34,-
-1.69,-0.54,-04.90
-1.69,-0.54,-04.90
-1.69,-0.54,-0.34,-
-1.75,-0.59,-05.84
-1.75,-0.59,-05.84
-1.75,-0.59,-0.34,-
-1.75,-0.59,-0.34,-
-1.75,-0.59,-05.84
-1.97,-0.57,-03.19
-1.97,-0.57,-0.51,-
-1.97,-0.57,-03.19
-1.97,-0.57,-03.19
-1.97,-0.57,-0.51,-
-2.18,-0.56,-02.73
-2.18,-0.56,-02.73
-2.18,-0.56,-0.63,-
-2.18,-0.56,-0.63,-
-2.18,-0.56,-0.63,-
-2.25,-0.60,-02.68
-2.25,-0.60,-0.63,-
-2.25,-0.60,-0.63,-
-2.25,-0.60,-02.68
-2.25,-0.60,-02.68
-2.50,-0.59,-03.15
-2.50,-0.59,-0.84,-
-2.50,-0.59,-03.15
-2.50,-0.59,-03.15
-2.50,-0.59,-0.84,-
-2.73,-0.57,-1.04,-
-2.73,-0.57,-1.04,-
-2.73,-0.57,-13.67
-2.73,-0.57,-13.67
-2.73,-0.57,-13.67
-2.95,-0.54,-1.24,-
-2.95,-0.54,-14.55
-2.95,-0.54,-14.55
-2.95,-0.54,-1.24,-
-2.95,-0.54,-14.55
-3.16,-0.49,-1.41,-
-3.16,-0.49,-15.56
-3.16,-0.49,-15.56
-3.16,-0.49,-1.41,-
-3.16,-0.49,-15.56
-3.25,-0.52,-16.05
-3.25,-0.52,-1.42,-
-3.25,-0.52,-16.05
-3.25,-0.52,-16.05
-3.25,-0.52,-16.05
-3.34,-0.54,-1.42,-
-3.34,-0.54,-16.23
-3.34,-0.54,-1.42,-
-3.34,-0.54,-16.23
-3.34,-0.54,-1.42,-
-3.44,-0.57,-16.59
-3.44,-0.57,-1.43,-
-3.44,-0.57,-1.43,-
-3.44,-0.57,-16.59
-3.44,-0.57,-16.59
-3.53,-0.59,-1.44,-
-3.53,-0.59,-17.05
-3.53,-0.59,-1.44,-
-3.53,-0.59,-17.05
-3.53,-0.59,-17.05
-3.63,-0.62,-1.44,-
-3.63,-0.62,-1.44,-
-3.63,-0.62,-17.50
-3.63,-0.62,-17.50
-3.63,-0.62,-1.44,-
-3.72,-0.65,-18.0
-3.72,-0.65,-1.45,-
-3.72,-0.65,-18.0
-3.72,-0.65,-1.45,-
-3.72,-0.65,-1.45,-
-3.83,-0.67,-1.46,-
-3.83,-0.67,-18.61
-3.83,-0.67,-18.61
-3.83,-0.67,-18.61
-3.83,-0.67,-1.46,-
-3.83,-0.67,-18.61
-3.94,-0.70,-19.25
-3.94,-0.70,-1.46,-
-3.94,-0.70,-1.46,-
-3.94,-0.70,-1.46,-
-3.94,-0.70,-19.25
-4.05,-0.73,-110.0
-4.05,-0.73,-1.47,-
-4.05,-0.73,-110.0
-4.05,-0.73,-1.47,-
-4.05,-0.73,-110.0
-4.05,-0.73,-110.0
-4.16,-0.76,-1.48,-
-4.16,-0.76,-110.91
-4.16,-0.76,-110.91
-4.16,-0.76,-1.48,-
-4.16,-0.76,-110.91
-4.27,-0.79,-1.49,-
-4.27,-0.79,-112.06
-4.27,-0.79,-1.49,-
-4.27,-0.79,-112.06
-4.27,-0.79,-1.49,-
-4.37,-0.82,-113.50
-4.37,-0.82,-1.50,-
-4.37,-0.82,-113.50
-4.37,-0.82,-1.50,-
-4.37,-0.82,-113.50
-4.47,-0.85,-115.31
-4.47,-0.85,-1.51,-
-4.47,-0.85,-115.31
-4.47,-0.85,-1.51,-
-4.47,-0.85,-115.31
-4.57,-0.88,-1.52,-
-4.57,-0.88,-117.67
-4.57,-0.88,-1.52,-
-4.57,-0.88,-117.67
-4.57,-0.88,-117.67
-4.68,-0.91,-1.53,-
-4.68,-0.91,-1.53,-
-4.68,-0.91,-120.84
-4.68,-0.91,-1.53,-
-4.68,-0.91,-120.84
-4.78,-0.94,-1.54,-
-4.78,-0.94,-1.54,-
-4.78,-0.94,-125.40
-4.78,-0.94,-1.54,-
-4.78,-0.94,-125.40
-4.89,-0.97,-132.30
-4.89,-0.97,-1.54,-
-4.89,-0.97,-1.54,-
-4.89,-0.97,-132.30
-4.89,-0.97,-132.30
-4.99,-1.0,-1.4.79
-4.99,-1.0,-1.55,-4
-4.99,-1.0,-1.4.79
-4.99,-1.0,-1.55,-4
-4.99,-1.0,-1.4.79
-5.10,-1.03,-1.56,-
-5.10,-1.03,-172.54
-5.10,-1.03,-1.56,-
-5.10,-1.03,-172.54
-5.10,-1.03,-1.56,-
-5.20,-1.06,-1196.61
0.0,0.0,0.0,0.0
0.0,0.0,0.0,0.0
0.0,0.0,0.0,0.
0.0,0.0,0.0,0.
-0.0,-0.0,-0.0,0.0
-0.0,-0.0,-0.0,0.0
-0.0,-0.0,-0.0,0.0
-0.0,-0.0,-0.0,0.0
-0.0,-0.0,-0.0,0.0
-0.0,-0.0,-0.0,0.0
-0.0,-0.0,-0.0,0.0
-0.0,-0.0,-0.0,0.0
-0.0,-0.0,-0.0,0.0
-0.0,-0.0,-0.0,0.0
-0.0,-0.0,-0.0,0.0
-0.0,-0.0,-0.0,0.0
-0.0,-0.0,-0.0,0.0
-0.0,-0.0,-0.0,0.0
-0.0,-0.0,-0.0,0.0
-0.0,-0.01,-0.0,0.0
-0.0,2.65,-0.0,0.0
-0.0,2.65,-0.0,0.0
-0.0,2.65,-0.0,0.0
-0.0,2.65,-0.0,0.0
-0.0,2.64,-0.0,-0.0
-0.0,2.64,-0.0,-0.0
-0.0,2.64,-0.0,-0.0
-0.0,2.64,-0.0,-0.0
-0.0,2.64,-0.0,-0.0
-0.0,2.63,-0.0,0.0
-0.0,2.63,-0.0,0.0
-0.0,2.63,-0.0,0.0
-0.0,2.63,-0.0,0.0
-0.0,2.63,-0.0,0.0
-0.0,2.61,-0.01,0.0
-0.0,2.61,-0.01,0.0
-0.0,2.61,-0.01,0.0
-0.0,2.61,-0.01,0.0
-0.0,2.61,-0.01,0.0
-0.0,2.60,-0.01,-0.0
-0.0,2.60,-0.01,-0.0
-0.0,2.60,-0.01,-0.0
-0.0,2.61,-0.01,-0.0
-0.0,2.61,-0.01,-0.0
-0.0,2.59,-0.01,-0.0
-0.0,2.59,-0.01,-0.0
-0.0,2.59,-0.01,-0.0
-0.0,2.59,-0.01,-0.0
-0.0,2.59,-0.01,-0.0
-0.0,2.57,-0.01,-0.0
-0.0,2.57,-0.01,-0.0
-0.0,2.57,-0.01,-0.0
-0.0,2.57,-0.01,-0.0
-0.0,2.57,-0.01,-0.0
-0.0,2.55,-0.01,-0.0
-0.0,2.55,-0.00
-0.0,2.55,-0.01,-0.
-0.0,2.55,-0.00
-0.0,2.55,-0.00
-0.0,2.53,-0.02,-0.
-0.0,2.53,-0.00
-0.0,2.53,-0.02,-0.
-0.0,2.56,-0.02,-0.
-0.0,2.56,-0.00
-0.0,2.54,-0.02,-0.
-0.0,2.54,-0.00
-0.0,2.54,-0.02,-0.
-0.0,2.54,-0.00
-0.0,2.54,-0.00
-0.0,2.51,-0.02,-0.
-0.0,2.51,-0.02,-0.
-0.0,2.51,-0.00
-0.0,2.51,-0.00
-0.0,2.51,-0.02,-0.
-0.0,2.48,-0.02,-0.
-0.0,2.48,-0.00
-0.0,2.48,-0.00
-0.0,2.48,-0.00
-0.0,2.48,-0.02,-0.
-0.0,2.46,-0.00
-0.0,2.46,-0.02,-0.
-0.0,2.46,-0.00
-0.0,2.46,-0.02,-0.
-0.0,2.50,-0.00
-0.01,2.47,-0.03,-0
-0.01,2.47,-0..0
-0.01,2.47,-0.03,-0
-0.01,2.47,-0.03,-0
-0.01,2.47,-0..0
-0.01,2.44,-0.03,-0
-0.01,2.44,-0.03,-0
-0.01,2.44,-0..0
-0.01,2.44,-0.03,-0
-0.01,2.44,-0..0
-0.01,2.40,-0.03,-0
-0.01,2.40,-0.03,-0
-0.01,2.40,-0..0
-0.01,2.40,-0.03,-0
-0.01,2.40,-0.03,-0
-0.01,2.37,-0..0
-0.01,2.37,-0..0
-0.01,2.37,-0.03,-0
-0.01,2.37,-0.03,-0
-0.01,2.37,-0..0
-0.01,2.33,-0..0
-0.01,2.33,-0.03,-0
-0.01,2.41,-0..0
-0.01,2.41,-0.03,-0
-0.01,2.41,-0..0
-0.01,2.37,-0..0
-0.01,2.37,-0.04,-0
-0.01,2.37,-0.04,-0
-0.01,2.37,-0.04,-0
-0.01,2.37,-0.04,-0
-0.01,2.33,-0..0
-0.01,2.33,-0..0
-0.01,2.33,-0..0
-0.01,2.33,-0.04,-0
-0.01,2.33,-0..0
-0.02,2.28,-0..0
-0.02,2.28,-0..0
-0.02,2.28,-0.04,-0
-0.02,2.28,-0..0
-0.02,2.28,-0..0
-0.02,2.24,-0.04,-0
-0.02,2.24,-0..0
-0.02,2.34,-0..0
-0.02,2.34,-0..0
-0.02,2.34,-0.05,-0
-0.02,2.30,-0..0
-0.02,2.30,-0..0
-0.02,2.30,-0..0
-0.02,2.30,-0.05,-0
-0.02,2.30,-0..0
-0.03,2.25,-0..0
-0.03,2.25,-0.05,-0
-0.03,2.25,-0..0
-0.03,2.25,-0..0
-0.03,2.25,-0.05,-0
-0.03,2.21,-0..0
-0.03,2.21,-0..0
-0.03,2.21,-0.05,-0
-0.03,2.21,-0..0
-0.03,2.21,-0.05,-0
-0.03,2.16,-0..0
-0.03,2.16,-0.06,-0
-0.03,2.16,-0..0
-0.03,2.16,-0.06,-0
-0.04,2.28,-0..01
-0.04,2.24,-0.06,-0
-0.04,2.24,-0.06,-0
-0.04,2.24,-0.06,-0
-0.04,2.24,-0.06,-0.01
-0.04,2.24,-0.06,-0.01
-0.04,2.19,-0.06,-0.01
-0.04,2.19,-0..01
-0.04,2.19,-0.06,-0
-0.04,2.19,-0.06,-0
-0.04,2.19,-0..01
-0.04,2.14,-0..01
-0.04,2.14,-0.07,-0
-0.04,2.14,-0..01
-0.04,2.14,-0..01
-0.04,2.14,-0.07,-0
-0.05,2.09,-0.07,-0
-0.05,2.09,-0..01
-0.05,2.09,-0..01
-0.05,2.09,-0..01
-0.05,2.09,-0.07,-0
-0.05,2.04,-0..01
-0.06,2.21,-0.08,-0
-0.06,2.21,-0..02
-0.06,2.21,-0.08,-0
-0.06,2.21,-0..02
-0.06,2.16,-0..02
-0.06,2.16,-0.08,-0
-0.06,2.16,-0.08,-0.02
-0.06,2.16,-0..02
-0.06,2.16,-0.08,-0
-0.06,2.11,-0..02
-0.06,2.11,-0..02
-0.06,2.11,-0.08,-0
-0.06,2.11,-0.08,-0
-0.06,2.11,-0..02
-0.07,2.06,-0..02
-0.07,2.06,-0..02
-0.07,2.06,-0.08,-0
-0.07,2.06,-0.08,-0
-0.07,2.06,-0..02
-0.07,2.01,-0.09,-0
-0.07,2.01,-0..02
-0.07,2.01,-0..02
-0.08,2.19,-0.08,-0
-0.08,2.19,-0..03
-0.09,2.15,-0..03
-0.09,2.15,-0.09,-0
-0.09,2.15,-0..03
-0.09,2.15,-0..03
-0.09,2.15,-0.09,-0
-0.09,2.10,-0.09,-0.03
-0.09,2.10,-0..03
-0.09,2.10,-0.09,-0
-0.09,2.10,-0.09,-0.03
-0.09,2.10,-0..03
-0.09,2.05,-0..03
-0.09,2.05,-0.09,-0
-0.09,2.05,-0..03
-0.09,2.05,-0..03
-0.09,2.05,-0.09,-0
-0.10,2.0,-0.103
-0.10,2.0,-0.103
-0.10,2.0,-0.103
-0.10,2.0,-0.10,-0.
-0.10,2.0,-0.103
-0.11,2.16,-0..04
-0.11,2.16,-0.09,-0
-0.11,2.16,-0..04
-0.11,2.16,-0..04
-0.11,2.16,-0.09,-0
-0.12,2.12,-0..04
-0.12,2.12,-0.10,-0
-0.12,2.12,-0..04
-0.12,2.12,-0.10,-0
-0.12,2.12,-0..04
-0.12,2.07,-0..04
-0.12,2.07,-0..04
-0.12,2.07,-0..04
-0.12,2.07,-0.10,-0
-0.12,2.07,-0.10,-0
-0.12,2.02,-0..04
-0.12,2.02,-0.10,-0
-0.12,2.02,-0..04
-0.12,2.02,-0..04
-0.12,2.02,-0.10,-0
-0.13,1.96,-0..04
-0.13,1.96,-0..04
-0.13,1.96,-0.11,-0
-0.13,2.17,-0..05
-0.13,2.17,-0.09,-0
-0.14,2.13,-0..05
-0.14,2.13,-0..05
-0.14,2.13,-0.10,-0
-0.14,2.13,-0..05
-0.14,2.13,-0.10,-0
-0.14,2.08,-0.10,-0
-0.14,2.08,-0..05
-0.14,2.08,-0.10,-0
-0.14,2.08,-0..05
-0.14,2.08,-0..05
-0.15,2.03,-0..05
-0.15,2.03,-0.11,-0
-0.15,2.03,-0.11,-0
-0.18,1.97,-1.26,-0.04
-0.18,1.97,-1.26,-0.04
-0.18,1.97,-1.26,-0.04
-0.18,1.97,-1.26,-0.04
-0.19,1.93,-1.30,-0.04
-0.19,1.93,-1.30,-0.04
-0.19,1.93,-1.30,-0.04
-0.19,1.93,-1.30,-0.04
-0.19,1.93,-1.30,-0.04
-0.19,1.89,-1.34,-0.04
-0.19,1.89,-1.34,-0.04
-0.19,1.89,-1.34,-0.04
-0.19,1.89,-1.34,-0.04
-0.19,1.89,-1.34,-0.04
-0.20,1.85,-1.38,-0.04
-0.20,1.85,-1.38,-0.04
-0.20,1.85,-1.38,-0.04
-0.20,1.85,-1.38,-0.04
-0.20,2.0,-1.28,-0.04
-0.20,1.97,-1.33,-0.04
-0.20,1.97,-1.33,-0.04
-0.20,1.97,-1.33,-0.04
-0.20,1.97,-1.33,-0.04
-0.20,1.97,-1.33,-0.04
-0.20,1.93,-1.37,-0.04
-0.20,1.93,-1.37,-0.04
-0.20,1.93,-1.37,-0.04
-0.20,1.93,-1.37,-0.04
-0.20,1.93,-1.37,-0.04
-0.21,1.90,-1.41,-0.04
-0.21,1.90,-1.41,-0.04
-0.21,1.90,-1.41,-0.04
-0.21,1.90,-1.41,-0.04
-0.21,1.90,-1.41,-0.04
-0.21,1.86,-1.45,-0.04
-0.21,1.86,-1.45,-0.04
-0.21,1.86,-1.45,-0.04
-0.21,1.86,-1.45,-0.04
-0.21,1.86,-1.45,-0.04
-0.22,1.99,-1.36,-0.04
-0.22,1.99,-1.36,-0.04
-0.22,1.99,-1.36,-0.04
-0.22,1.99,-1.36,-0.04
-0.22,1.99,-1.36,-0.04
-0.22,1.95,-1.40,-0.04
-0.22,1.95,-1.40,-0.04
-0.22,1.95,-1.40,-0.04
-0.22,1.95,-1.40,-0.04
-0.22,1.95,-1.40,-0.04
-0.23,1.91,-1.44,-0.04
-0.23,1.91,-1.44,-0.04
-0.23,1.91,-1.44,-0.04
-0.23,1.91,-1.44,-0.04
-0.23,1.91,-1.44,-0.04
-0.23,1.88,-1.49,-0.04
-0.23,1.88,-1.49,-0.04
-0.23,1.88,-1.49,-0.04
-0.23,1.88,-1.49,-0.04
-0.23,1.88,-1.49,-0.04
-0.24,1.84,-1.53,-0.04
-0.24,1.99,-1.41,-0.04
-0.24,1.99,-1.41,-0.04
-0.24,1.99,-1.41,-0.04
-0.24,1.99,-1.41,-0.04
-0.24,1.96,-1.46,-0.04
-0.24,1.96,-1.46,-0.04
-0.24,1.96,-1.46,-0.04
-0.24,1.96,-1.46,-0.04
-0.24,1.96,-1.46,-0.04
-0.25,1.92,-1.49,-0.04
-0.25,1.92,-1.49,-0.04
-0.25,1.92,-1.49,-0.04
-0.25,1.92,-1.49,-0.04
-0.25,1.92,-1.49,-0.04
-0.25,1.88,-1.53,-0.04
-0.25,1.88,-1.53,-0.04
-0.25,1.88,-1.53,-0.04
-0.25,1.88,-1.53,-0.04
-0.25,1.88,-1.53,-0.04
-0.25,1.84,-1.58,-0.04
-0.25,1.84,-1.58,-0.04
-0.26,1.99,-1.49,-0.04
-0.26,1.99,-1.49,-0.04
-0.26,1.99,-1.49,-0.04
-0.26,1.96,-1.53,-0.04
-0.26,1.96,-1.53,-0.04
-0.26,1.96,-1.53,-0.04
-0.26,1.96,-1.53,-0.04
-0.26,1.96,-1.53,-0.04
-0.27,1.92,-1.57,-0.04
-0.27,1.92,-1.57,-0.04
-0.27,1.92,-1.57,-0.04
-0.27,1.92,-1.57,-0.04
-0.27,1.92,-1.57,-0.04
-0.27,1.88,-1.62,-0.04
-0.27,1.88,-1.62,-0.04
-0.27,1.88,-1.62,-0.04
-0.27,1.88,-1.62,-0.04
-0.27,1.88,-1.62,-0.04
-0.28,1.85,-1.66,-0.04
-0.28,1.85,-1.66,-0.04
-0.28,1.85,-1.66,-0.04
-0.28,1.85,-1.66,-0.04
-0.28,1.99,-1.58,-0.04
-0.29,1.96,-1.63,-0.04
-0.29,1.96,-1.63,-0.04
-0.29,1.96,-1.63,-0.04
-0.29,1.96,-1.63,-0.04
-0.29,1.96,-1.63,-0.04
-0.29,1.92,-1.67,-0.04
-0.29,1.92,-1.67,-0.04
-0.29,1.92,-1.67,-0.04
-0.29,1.92,-1.67,-0.04
-0.29,1.92,-1.67,-0.04
-0.30,1.88,-1.71,-0.04
-0.30,1.88,-1.71,-0.04
-0.30,1.88,-1.71,-0.04
-0.30,1.88,-1.71,-0.04
-0.30,1.88,-1.71,-0.04
-0.30,1.84,-1.76,-0.04
-0.30,1.84,-1.76,-0.04
-0.30,1.84,-1.76,-0.04
-0.30,1.84,-1.76,-0.04
-0.30,1.84,-1.76,-0.04
-0.31,1.97,-1.68,-0.05
-0.31,1.97,-1.68,-0.05
-0.31,1.97,-1.68,-0.05
-0.31,1.97,-1.68,-0.05
-0.31,1.97,-1.68,-0.05
-0.31,1.94,-1.72,-0.05
-0.31,1.94,-1.72,-0.05
-0.31,1.94,-1.72,-0.05
-0.31,1.94,-1.72,-0.05
-0.31,1.94,-1.72,-0.05
-0.32,1.90,-1.77,-0.05
-0.32,1.90,-1.77,-0.05
-0.32,1.90,-1.77,-0.05
-0.32,1.90,-1.77,-0.05
-0.32,1.90,-1.77,-0.05
-0.33,1.87,-1.81,-0.05
-0.33,1.87,-1.81,-0.05
-0.33,1.87,-1.81,-0.05
-0.33,1.87,-1.81,-0.05
-0.33,1.87,-1.81,-0.05
-0.33,1.83,-1.86,-0.05
-0.34,1.98,-1.75,-0.05
-0.34,1.98,-1.75,-0.05
-0.34,1.98,-1.75,-0.05
-0.34,1.98,-1.75,-0.05
-0.34,1.95,-1.80,-0.05
-0.34,1.95,-1.80,-0.05
-0.34,1.95,-1.80,-0.05
-0.34,1.95,-1.80,-0.05
-0.34,1.95,-1.80,-0.05
-0.35,1.91,-1.84,-0.05
-0.35,1.91,-1.84,-0.05
-0.35,1.91,-1.84,-0.05
-0.35,1.91,-1.84,-0.05
-0.35,1.91,-1.84,-0.05
-0.35,1.87,-1.89,-0.05
-0.35,1.87,-1.89,-0.05
-0.35,1.87,-1.89,-0.05
-0.35,1.87,-1.89,-0.05
-0.35,1.87,-1.89,-0.05
-0.36,1.83,-1.94,-0.05
-0.36,1.83,-1.94,-0.05
-0.37,1.98,-1.86,-0.05
-0.37,1.98,-1.86,-0.05
-0.37,1.98,-1.86,-0.05
-0.37,1.95,-1.91,-0.05
-0.37,1.95,-1.91,-0.05
-0.37,1.95,-1.91,-0.05
-0.37,1.95,-1.91,-0.05
-0.37,1.95,-1.91,-0.05
-0.38,1.91,-1.96,-0.05
-0.38,1.91,-1.96,-0.05
-0.38,1.91,-1.96,-0.05
-0.38,1.91,-1.96,-0.05
-0.38,1.91,-1.96,-0.05
-0.39,1.88,-2.0,-0.05
-0.39,1.88,-2.0,-0.05
-0.39,1.88,-2.0,-0.05
-0.39,1.88,-2.0,-0.05
-0.39,1.88,-2.0,-0.05
-0.39,1.84,-2.05,-0.05
-0.39,1.84,-2.05,-0.05
-0.39,1.84,-2.05,-0.05
-0.39,1.84,-2.05,-0.05
-0.39,1.84,-2.05,-0.05
-0.41,1.96,-2.0,-0.05
-0.41,1.96,-2.0,-0.05
-0.41,1.96,-2.0,-0.05
-0.41,1.96,-2.0,-0.05
-0.41,1.96,-2.0,-0.05
-0.42,1.93,-2.05,-0.05
-0.42,1.93,-2.05,-0.05
-0.42,1.93,-2.05,-0.05
-0.42,1.93,-2.05,-0.05
-0.42,1.93,-2.05,-0.05
-0.42,1.89,-2.10,-0.05
-0.42,1.89,-2.10,-0.05
-0.42,1.89,-2.10,-0.05
-0.42,1.89,-2.10,-0.05
-0.42,1.89,-2.10,-0.05
-0.43,1.86,-2.15,-0.05
-0.43,1.86,-2.15,-0.05
-0.43,1.86,-2.15,-0.05
-0.43,1.86,-2.15,-0.05
-0.43,1.86,-2.15,-0.05
-0.43,1.82,-2.20,-0.05
-0.43,1.82,-2.20,-0.05
-0.45,1.97,-2.11,-0.05
-0.45,1.97,-2.11,-0.05
-0.45,1.97,-2.11,-0.05
-0.45,1.94,-2.16,-0.05
-0.45,1.94,-2.16,-0.05
-0.45,1.94,-2.16,-0.05
-0.45,1.94,-2.16,-0.05
-0.45,1.94,-2.16,-0.05
-0.46,1.90,-2.21,-0.05
-0.46,1.90,-2.21,-0.05
-0.46,1.90,-2.21,-0.05
-0.46,1.90,-2.21,-0.05
-0.46,1.90,-2.21,-0.05
-0.47,1.86,-2.26,-0.05
-0.47,1.86,-2.26,-0.05
-0.47,1.86,-2.26,-0.05
-0.47,1.86,-2.26,-0.05
-0.47,1.86,-2.26,-0.05
-0.47,1.83,-2.31,-0.05
-0.47,1.83,-2.31,-0.05
-0.47,1.83,-2.31,-0.05
-0.47,1.83,-2.31,-0.05
-0.49,1.97,-2.25,-0.05
-0.50,1.93,-2.30,-0.05
-0.50,1.93,-2.30,-0.05
-0.50,1.93,-2.30,-0.05
-0.50,1.93,-2.30,-0.05
-0.50,1.93,-2.30,-0.05
-0.50,1.90,-2.35,-0.05
-0.50,1.90,-2.35,-0.05
-0.50,1.90,-2.35,-0.05
-0.50,1.90,-2.35,-0.05
-0.50,1.90,-2.35,-0.05
-0.51,1.86,-2.39,-0.06
-0.51,1.86,-2.39,-0.06
-0.51,1.86,-2.39,-0.06
-0.51,1.86,-2.39,-0.06
-0.51,1.86,-2.39,-0.06
-0.52,1.82,-2.44,-0.05
-0.52,1.82,-2.44,-0.05
-0.52,1.82,-2.44,-0.05
-0.52,1.82,-2.44,-0.05
-0.52,1.82,-2.44,-0.05
-0.52,1.78,-2.49,-0.05
-0.55,1.95,-2.42,-0.06
-0.55,1.95,-2.42,-0.06
-0.55,1.95,-2.42,-0.06
-0.55,1.95,-2.42,-0.06
-0.55,1.91,-2.47,-0.06
-0.55,1.91,-2.47,-0.06
-0.55,1.91,-2.47,-0.06
-0.55,1.91,-2.47,-0.06
-0.55,1.91,-2.47,-0.06
-0.56,1.88,-2.52,-0.06
-0.56,1.88,-2.52,-0.06
-0.56,1.88,-2.52,-0.06
-0.56,1.88,-2.52,-0.06
-0.56,1.88,-2.52,-0.06
-0.57,1.84,-2.57,-0.06
-0.57,1.84,-2.57,-0.06
-0.57,1.84,-2.57,-0.06
-0.57,1.84,-2.57,-0.06
-0.57,1.84,-2.57,-0.06
-0.58,1.80,-2.62,-0.06
-0.58,1.80,-2.62,-0.06
-0.60,1.95,-2.60,-0.06
-0.60,1.95,-2.60,-0.06
-0.60,1.95,-2.60,-0.06
-0.61,1.92,-2.65,-0.06
-0.61,1.92,-2.65,-0.06
-0.61,1.92,-2.65,-0.06
-0.61,1.92,-2.65,-0.06
-0.61,1.92,-2.65,-0.06
-0.62,1.88,-2.71,-0.06
-0.62,1.88,-2.71,-0.06
-0.62,1.88,-2.71,-0.06
-0.62,1.88,-2.71,-0.06
-0.62,1.88,-2.71,-0.06
-0.63,1.84,-2.76,-0.06
-0.63,1.84,-2.76,-0.06
-0.63,1.84,-2.76,-0.06
-0.63,1.84,-2.76,-0.06
-0.63,1.84,-2.76,-0.06
-0.64,1.81,-2.81,-0.06
-0.64,1.81,-2.81,-0.06
-0.64,1.81,-2.81,-0.06
-0.64,1.81,-2.81,-0.06
-0.67,1.94,-2.79,-0.06
-0.67,1.91,-2.85,-0.06
-0.67,1.91,-2.85,-0.06
-0.67,1.91,-2.85,-0.06
-0.67,1.91,-2.85,-0.06
-0.67,1.91,-2.85,-0.06
-0.68,1.88,-2.90,-0.06
-0.68,1.88,-2..06
-0.68,1.88,-2..06
-0.68,1.88,-2..06
-0.68,1.88,-2..06
-0.69,1.84,-2.95,-0
-0.69,1.84,-2.95,-0
-0.69,1.84,-2..06
-0.69,1.84,-2..06
-0.69,1.84,-2..06
-0.70,1.80,-3..06
-0.70,1.80,-3.01,-0
-0.70,1.80,-3.01,-0
-0.70,1.80,-3..06
-0.70,1.80,-3..06
-0.74,1.92,-2..07
-0.74,1.92,-2.99,-0
-0.74,1.92,-2.99,-0
-0.74,1.92,-2..07
-0.74,1.92,-2.99,-0
-0.75,1.89,-3.04,-0
-0.75,1.89,-3..07
-0.75,1.89,-3.04,-0.07
-0.75,1.89,-3..07
-0.75,1.89,-3.04,-0
-0.76,1.86,-3.10,-0
-0.76,1.86,-3..07
-0.76,1.86,-3..07
-0.76,1.86,-3..07
-0.76,1.86,-3..07
-0.76,1.82,-3..07
-0.76,1.82,-3.13,-0
-0.76,1.82,-3.13,-0
-0.76,1.82,-3..07
-0.76,1.82,-3.13,-0
-0.82,1.92,-3.21,-0
-0.82,1.92,-3..07
-0.82,1.92,-3..07
-0.82,1.92,-3..07
-0.82,1.92,-3..07
-0.82,1.89,-3.26,-0
-0.82,1.89,-3.26,-0
-0.82,1.89,-3..07
-0.82,1.89,-3..07
-0.82,1.89,-3..07
-0.83,1.85,-3..07
-0.83,1.85,-3.31,-0
-0.83,1.85,-3.31,-0
-0.83,1.85,-3..07
-0.83,1.85,-3.31,-0
-0.84,1.82,-3.37,-0
-0.84,1.82,-3..07
-0.84,1.82,-3..07
-0.84,1.82,-3..07
-0.84,1.82,-3..07
-0.85,1.78,-3.39,-0
-0.85,1.78,-3.39,-0
-0.91,1.91,-3..07
-0.91,1.91,-3..07
-0.91,1.91,-3.49,-0
-0.92,1.88,-3.55,-0
-0.92,1.88,-3..07
-0.92,1.88,-3..07
-0.92,1.88,-3..07
-0.92,1.88,-3..07
-0.93,1.84,-3.60,-0
-0.93,1.84,-3.60,-0
-0.93,1.84,-3..07
-0.93,1.84,-3..07
-0.93,1.84,-3.60,-0
-0.94,1.81,-3..07
-0.94,1.81,-3..07
-0.94,1.81,-3..07
-0.94,1.81,-3.66,-0
-0.94,1.81,-3..07
-0.95,1.77,-3.72,-0
-0.95,1.77,-3.72,-0
-0.95,1.77,-3..07
-0.95,1.77,-3..07
-1.01,1.90,-3..07
-1.02,1.87,-3..07
-1.02,1.87,-3..07
-1.02,1.87,-3.87,-0
-1.02,1.87,-3.87,-0
-1.02,1.87,-3.87,-0
-1.03,1.83,-3..07
-1.03,1.83,-3..07
-1.03,1.83,-3.89,-0
-1.03,1.83,-3.89,-0.07
-1.03,1.83,-3..07
-1.03,1.79,-3..08
-1.03,1.79,-3.93,-0
-1.03,1.79,-3..08
-1.03,1.79,-3..08
-1.03,1.79,-3..08
-1.04,1.76,-3.99,-0
-1.04,1.76,-3.99,-0
-1.04,1.76,-3..07
-1.04,1.76,-3.99,-0
-1.04,1.76,-3..07
-1.12,1.87,-4..08
-1.12,1.87,-4.11,-0
-1.12,1.87,-4..08
-1.12,1.87,-4.11,-0
-1.12,1.87,-4.11,-0
-1.14,1.84,-4.18,-0
-1.14,1.84,-4..08
-1.14,1.84,-4..08
-1.14,1.84,-4..08
-1.14,1.84,-4.18,-0
-1.14,1.80,-4..08
-1.14,1.80,-4.22,-0
-1.14,1.80,-4..08
-1.14,1.80,-4..08
-1.14,1.80,-4.22,-0
-1.15,1.76,-4.24,-0
-1.15,1.76,-4..08
-1.15,1.76,-4..08
-1.15,1.76,-4.24,-0
-1.15,1.76,-4..08
-1.16,1.73,-4.31,-0
-1.25,1.86,-4..08
-1.25,1.86,-4.45,-0
-1.25,1.86,-4..08
-1.25,1.86,-4..08
-1.26,1.83,-4..08
-1.26,1.83,-4.49,-0
-1.26,1.83,-4.49,-0
-1.26,1.83,-4..08
-1.26,1.83,-4.49,-0
-1.27,1.79,-4..08
-1.27,1.79,-4..08
-1.27,1.79,-4.56,-0
-1.27,1.79,-4..08
-1.27,1.79,-4..08
-1.28,1.76,-4.59,-0
-1.28,1.76,-4..09
-1.28,1.76,-4.59,-0
-1.28,1.76,-4..09
-1.28,1.76,-4.59,-0
-1.30,1.72,-4.65,-0.09
-1.30,1.72,-4..09
-1.30,1.72,-4..09
-1.40,1.84,-4.87,-0
-1.40,1.84,-4..09
-1.41,1.81,-4.92,-0
-1.41,1.81,-4..09
-1.41,1.81,-4.92,-0
-1.41,1.81,-4..09
-1.41,1.81,-4..09
-1.42,1.77,-4..09
-1.42,1.77,-4.94,-0
-1.42,1.77,-4..09
-1.42,1.77,-4.94,-0
-1.42,1.77,-4..09
-1.43,1.74,-5.01,-0
-1.43,1.74,-5..09
-1.43,1.74,-5..09
-1.43,1.74,-5..09
-1.43,1.74,-5.01,-0
-1.45,1.70,-5..09
-1.45,1.70,-5..09
-1.45,1.70,-5.07,-0
-1.45,1.70,-5.07,-0
-1.45,1.70,-5..09
-1.57,1.81,-5.35,-0
-1.57,1.81,-5.35,-0.10
-1.57,1.81,-5..10
-1.57,1.81,-5..10
-1.57,1.81,-5.35,-0
-1.58,1.77,-5.42,-0
-1.58,1.77,-5.42,-0
-1.58,1.77,-5..10
-1.58,1.77,-5..10
-1.58,1.77,-5..10
-1.60,1.74,-5.49,-0
-1.60,1.74,-5.49,-0
-1.60,1.74,-5..09
-1.60,1.74,-5..09
-1.60,1.74,-5..09
-1.62,1.70,-5..09
-1.62,1.70,-5.56,-0
-1.62,1.70,-5..09
-1.62,1.70,-5..09
-1.62,1.70,-5.56,-0
-1.63,1.66,-5..09
-1.63,1.66,-5.62,-0
-1.63,1.66,-5..09
-1.63,1.66,-5.62,-0
-1.74,1.79,-5.85,-0.10
-1.76,1.76,-5..10
-1.76,1.76,-5..10
-1.76,1.76,-5.92,-0
-1.76,1.76,-5..10
-1.75,1.76,-5.89,-0
-1.77,1.72,-5.97,-0
-1.77,1.72,-5..10
-1.77,1.72,-5..10
-1.77,1.72,-5.97,-0
-1.77,1.72,-5.97,-0
-1.78,1.68,-6.10
-1.78,1.68,-6.10
-1.78,1.68,-6.0,-0.
-1.78,1.68,-6.10
-1.78,1.68,-6.0,-0.
-1.80,1.65,-6..10
-1.80,1.65,-6.07,-0
-1.80,1.65,-6..10
-1.80,1.65,-6.07,-0
-1.80,1.65,-6.07,-0
-1.82,1.61,-6..10
-1.96,1.75,-6..11
-1.96,1.75,-6.39,-0
-1.96,1.75,-6..11
-1.96,1.75,-6..11
-1.98,1.71,-6.46,-0
-1.98,1.71,-6..11
-1.98,1.71,-6.46,-0
-1.98,1.71,-6..11
-1.98,1.71,-6.46,-0
-2.0,1.68,-6.511
-2.0,1.68,-6.511
-2.0,1.68,-6.511
-2.0,1.68,-6.54,-0.
-2.0,1.68,-6.511
-2.01,1.65,-6.58,-0
-2.01,1.65,-6..11
-2.01,1.65,-6.58,-0
-2.01,1.65,-6..11
-2.01,1.65,-6.58,-0
-2.03,1.61,-6..11
-2.03,1.61,-6..11
-2.15,1.72,-6..11
-2.15,1.72,-6.93,-0
-2.15,1.72,-6.93,-0
-2.17,1.69,-7.0,-0.
-2.17,1.69,-7.11
-2.17,1.69,-7.11
-2.17,1.69,-7.11
-2.17,1.69,-7.0,-0.
-2.19,1.65,-7..12
-2.19,1.65,-7..12
-2.19,1.65,-7.03,-0
-2.19,1.65,-7..12
-2.19,1.65,-7..12
-2.21,1.62,-7..11
-2.21,1.62,-7.11,-0
-2.21,1.62,-7..11
-2.21,1.62,-7..11
-2.21,1.62,-7.11,-0
-2.23,1.58,-7.18,-0
-2.23,1.58,-7..11
-2.23,1.58,-7..11
-2.23,1.58,-7.18,-0
-2.35,1.68,-7..12
-2.37,1.65,-7..12
-2.37,1.65,-7.55,-0
-2.37,1.65,-7.55,-0.12
-2.37,1.65,-7..12
-2.37,1.65,-7..12
-2.38,1.61,-7.59,-0
-2.38,1.61,-7..12
-2.38,1.61,-7.59,-0
-2.38,1.61,-7..12
-2.38,1.61,-7.59,-0
-2.41,1.58,-7..12
-2.41,1.58,-7.67,-0
-2.41,1.58,-7..12
-2.41,1.58,-7..12
-2.41,1.58,-7.67,-0
-2.42,1.54,-7..12
-2.42,1.54,-7..12
-2.42,1.54,-7.70,-0
-2.42,1.54,-7..12
-2.42,1.54,-7.70,-0
-2.58,1.62,-8..13
-2.58,1.62,-8..13
-2.58,1.62,-8..13
-2.58,1.62,-8.07,-0
-2.58,1.62,-8..13
-2.61,1.59,-8..13
-2.61,1.59,-8.15,-0
-2.61,1.59,-8..13
-2.61,1.59,-8.15,-0
-2.61,1.59,-8.15,-0
-2.62,1.56,-8.19,-0
-2.62,1.56,-8..13
-2.62,1.56,-8..13
-2.62,1.56,-8.19,-0
-2.62,1.56,-8.19,-0
-2.64,1.52,-8..13
-2.64,1.52,-8..13
-2.64,1.52,-8..13
-2.64,1.52,-8..13
-2.64,1.52,-8.27,-0
-2.78,1.57,-8..14
-2.78,1.57,-8.62,-0
-2.78,1.57,-8..14
-2.78,1.57,-8.62,-0
-2.78,1.57,-8..14
-2.80,1.54,-8..14
-2.80,1.54,-8..14
-2.80,1.54,-8.70,-0
-2.80,1.54,-8..14
-2.80,1.54,-8..14
-2.82,1.51,-8.76,-0
-2.82,1.51,-8..14
-2.82,1.51,-8.76,-0
-2.82,1.51,-8..14
-2.82,1.51,-8..14
-2.84,1.47,-8.79,-0
-2.84,1.47,-8.79,-0
-2.84,1.47,-8..14
-2.84,1.47,-8.79,-0
-2.84,1.47,-8.79,-0
-2.86,1.43,-8..14
-2.86,1.43,-8.88,-0
-2.99,1.51,-9..14
-2.99,1.51,-9.18,-0
-2.99,1.51,-9.18,-0
-3.01,1.48,-9..14
-3.01,1.48,-9..14
-3.01,1.48,-9..14
-3.01,1.48,-9.26,-0
-3.01,1.48,-9..14
-3.03,1.45,-9..14
-3.03,1.45,-9.32,-0
-3.03,1.45,-9..14
-3.03,1.45,-9.32,-0
-3.03,1.45,-9.14
0.0,0.0,0.0,0.
0.0,0.0,0.0,0.0
0.0,0.0,0.0,0.0
0.0,0.0,0.0,0.0
-0.0,0.39,-0.01,-0.0
-0.0,0.39,-0.01,-0.0
-0.0,0.39,-0.01,-0.0
-0.0,0.39,-0.01,-0.0
-0.0,2.30,-0.02,0.0
-0.0,2.30,-0.0
-0.0,2.30,-0.0
-0.0,2.30,-0.0
-0.0,2.30,-0.0
-0.0,2.30,-0.04,0.0
-0.0,2.30,-0.0
-0.0,2.30,-0.05,0.0
-0.0,2.30,-0.0
-0.0,2.30,-0.0
-0.0,2.30,-0.05,0.0
-0.0,2.29,-0.0
-0.0,2.29,-0.0
-0.0,2.29,-0.07,0.0
-0.0,2.29,-0.0
-0.0,2.29,-0.07,0.0
-0.0,2.28,-0.08,0.0
-0.0,2.28,-0.0
-0.0,2.28,-0.08,0.0
-0.0,2.28,-0.08,0.0
-0.0,2.28,-0.0
-0.0,2.27,-0.0
-0.0,2.29,-0.10,0.0
-0.0,2.29,-0.1
-0.0,2.29,-0.1
-0.0,2.29,-0.10,0.0
-0.0,2.27,-0.1
-0.0,2.27,-0.11,0.0
-0.0,2.27,-0.1
-0.0,2.27,-0.11,0.0
-0.0,2.27,-0.11,0.0
-0.0,2.26,-0.1
-0.0,2.26,-0.13,0.0
-0.0,2.26,-0.1
-0.0,2.26,-0.1
-0.0,2.26,-0.13,0.0
-0.0,2.24,-0.1
-0.0,2.24,-0.1
-0.0,2.24,-0.1
-0.0,2.24,-0.14,0.0
-0.0,2.24,-0.1
-0.0,2.22,-0.1
-0.0,2.22,-0.1
-0.0,2.25,-0.16,-0.
-0.0,2.25,-0.10
-0.0,2.25,-0.16,-0.
-0.0,2.23,-0.10
-0.0,2.23,-0.10
-0.0,2.23,-0.17,-0.
-0.0,2.23,-0.17,-0.
-0.0,2.23,-0.10
-0.0,2.21,-0.10
-0.0,2.21,-0.19,-0.
-0.0,2.21,-0.10
-0.0,2.21,-0.10
-0.0,2.21,-0.19,-0.
-0.0,2.19,-0.20
-0.0,2.19,-0.20,-0.
-0.0,2.19,-0.20,-0.
-0.0,2.19,-0.20,-0.
-0.0,2.19,-0.20
-0.0,2.16,-0.22,-0.
-0.0,2.16,-0.22,-0.
-0.0,2.16,-0.20
-0.0,2.16,-0.20
-0.0,2.20,-0.23,-0.
-0.0,2.18,-0.20
-0.0,2.18,-0.24,-0.
-0.0,2.18,-0.20
-0.0,2.18,-0.24,-0.
-0.0,2.18,-0.20
-0.0,2.15,-0.26,-0.
-0.0,2.15,-0.26,-0.
-0.0,2.15,-0.20
-0.0,2.15,-0.20
-0.0,2.15,-0.20
-0.0,2.12,-0.20
-0.0,2.12,-0.27,-0.
-0.0,2.12,-0.20
-0.0,2.12,-0.20
-0.0,2.12,-0.27,-0.
-0.0,2.09,-0.20
-0.0,2.09,-0.20
-0.0,2.09,-0.20
-0.0,2.09,-0.20
-0.0,2.09,-0.29,-0.
-0.0,2.05,-0.30
-0.0,2.13,-0.33,-0.
-0.0,2.13,-0.30
-0.0,2.13,-0.30
-0.0,2.13,-0.33,-0.
-0.01,2.10,-0..0
-0.01,2.10,-0..0
-0.01,2.10,-0.35,-0
-0.01,2.10,-0..0
-0.01,2.10,-0.35,-0
-0.01,2.06,-0..0
-0.01,2.06,-0.37,-0
-0.01,2.06,-0..0
-0.01,2.06,-0..0
-0.01,2.06,-0.37,-0
-0.01,2.03,-0.39,-0
-0.01,2.03,-0..0
-0.01,2.03,-0.39,-0
-0.01,2.03,-0..0
-0.01,2.03,-0.39,-0
-0.01,1.99,-0..0
-0.01,1.99,-0..0
-0.01,2.09,-0.43,-0
-0.01,2.09,-0.43,-0
-0.01,2.09,-0..0
-0.01,2.06,-0..0
-0.01,2.06,-0.45,-0
-0.01,2.06,-0.45,-0
-0.01,2.06,-0..0
-0.01,2.06,-0..0
-0.01,2.02,-0..0
-0.01,2.02,-0..0
-0.01,2.02,-0..0
-0.01,2.02,-0.47,-0
-0.01,2.02,-0.47,-0
-0.02,1.99,-0..0
-0.02,1.99,-0.49,-0
-0.02,1.99,-0.49,-0
-0.02,1.99,-0.49,-0
-0.02,1.99,-0..0
-0.02,1.95,-0..0
-0.02,1.95,-0..0
-0.02,1.95,-0.51,-0
-0.02,1.95,-0..0
-0.02,2.07,-0.51,-0
-0.02,2.03,-0..01
-0.02,2.03,-0..01
-0.02,2.03,-0.54,-0
-0.02,2.03,-0.54,-0
-0.02,2.03,-0..01
-0.02,1.99,-0..01
-0.02,1.99,-0..01
-0.02,1.99,-0.57,-0
-0.02,1.99,-0.57,-0
-0.02,1.99,-0.57,-0
-0.02,1.96,-0..01
-0.02,1.96,-0..01
-0.02,1.96,-0.59,-0
-0.02,1.96,-0..01
-0.02,1.96,-0.59,-0
-0.03,1.91,-0..01
-0.03,1.91,-0.62,-0
-0.03,1.91,-0..01
-0.03,1.91,-0..01
-0.03,1.91,-0.62,-0
-0.03,1.87,-0..01
-0.03,1.87,-0.64,-0
-0.03,2.04,-0..02
-0.03,2.04,-0..02
-0.03,2.04,-0.60,-0
-0.03,2.0,-0.602
-0.03,2.0,-0.63,-0.
-0.03,2.0,-0.602
-0.03,2.0,-0.63,-0.
-0.03,2.0,-0.63,-0.
-0.04,1.97,-0.65,-0
-0.04,1.97,-0..02
-0.04,1.97,-0..02
-0.04,1.97,-0..02
-0.04,1.97,-0.65,-0
-0.04,1.93,-0..02
-0.04,1.93,-0.68,-0
-0.04,1.93,-0..02
-0.04,1.93,-0..02
-0.04,1.93,-0.68,-0
-0.04,1.89,-0..02
-0.04,1.89,-0.71,-0
-0.04,1.89,-0.71,-0
-0.04,1.89,-0..02
-0.04,2.04,-0..02
-0.05,2.01,-0..02
-0.05,2.01,-0.66,-0
-0.05,2.01,-0..02
-0.05,2.01,-0..02
-0.05,2.01,-0.66,-0
-0.05,1.97,-0..02
-0.05,1.97,-0..02
-0.05,1.97,-0.69,-0
-0.05,1.97,-0..02
-0.05,1.97,-0..02
-0.05,1.93,-0.73,-0
-0.05,1.93,-0..02
-0.05,1.93,-0.73,-0
-0.05,1.93,-0..02
-0.05,1.93,-0.73,-0
-0.05,1.89,-0..02
-0.05,1.89,-0..02
-0.05,1.89,-0..02
-0.05,1.89,-0.76,-0
-0.05,1.89,-0.76,-0
-0.06,2.03,-0.68,-0
-0.06,2.03,-0.68,-0.03
-0.06,2.03,-0..03
-0.06,2.03,-0.68,-0
-0.06,2.03,-0..03
-0.06,1.99,-0..03
-0.06,1.99,-0..03
-0.06,1.99,-0.72,-0
-0.06,1.99,-0.72,-0
-0.06,1.99,-0..03
-0.06,1.95,-0..03
-0.06,1.95,-0.75,-0
-0.06,1.95,-0..03
-0.06,1.95,-0.75,-0
-0.06,1.95,-0..03
-0.06,1.92,-0.79,-0
-0.06,1.92,-0..03
-0.06,1.92,-0.79,-0
-0.06,1.92,-0.79,-0
-0.06,1.92,-0.79,-0
-0.07,1.88,-0.82,-0
-0.07,2.03,-0..03
-0.07,2.03,-0..03
-0.07,2.03,-0..03
-0.07,2.03,-0..03
-0.07,2.0,-0.76,-0.
-0.07,2.0,-0.703
-0.07,2.0,-0.76,-0.
-0.07,2.0,-0.703
-0.07,2.0,-0.703
-0.07,1.96,-0.80,-0
-0.07,1.96,-0..03
-0.07,1.96,-0.80,-0
-0.07,1.96,-0..03
-0.07,1.96,-0..03
-0.07,1.92,-0.83,-0
-0.07,1.92,-0..03
-0.07,1.92,-0.83,-0
-0.07,1.92,-0..03
-0.07,1.92,-0.83,-0
-0.08,1.88,-0..03
-0.08,1.88,-0..03
-0.08,2.03,-0.79,-0
-0.08,2.03,-0.79,-0
-0.08,2.03,-0..03
-0.08,1.99,-0.82,-0
-0.08,1.99,-0..03
-0.08,1.99,-0..03
-0.08,1.99,-0.82,-0
-0.08,1.99,-0.82,-0
-0.08,1.96,-0.86,-0
-0.08,1.96,-0..03
-0.08,1.96,-0.86,-0
-0.08,1.96,-0..03
-0.08,1.96,-0..03
-0.08,1.92,-0.90,-0
-0.08,1.92,-0..03
-0.08,1.92,-0.90,-0
-0.08,1.92,-0.90,-0
-0.08,1.92,-0.90,-0
-0.09,1.88,-0..03
-0.09,1.88,-0..03
-0.09,1.88,-0..03
-0.09,1.88,-0.93,-0
-0.09,2.03,-0..03
-0.09,1.99,-0..03
-0.09,1.99,-0.90,-0
-0.09,1.99,-0..03
-0.09,1.99,-0..03
-0.09,1.99,-0.90,-0
-0.09,1.95,-0.93,-0
-0.09,1.95,-0..03
-0.09,1.95,-0.93,-0
-0.09,1.95,-0..03
-0.09,1.95,-0..03
-0.09,1.92,-0..03
-0.09,1.92,-0.97,-0
-0.09,1.92,-0.97,-0
-0.09,1.92,-0..03
-0.09,1.92,-0.97,-0
-0.10,1.88,-1.03
-0.10,1.88,-1.03
-0.10,1.88,-1.0,-0.
-0.10,1.88,-1.0,-0.
-0.10,1.88,-1.03
-0.10,2.01,-0.94,-0
-0.10,2.01,-0.94,-0.03
-0.10,2.01,-0..03
-0.10,2.01,-0.94,-0
-0.10,2.01,-0..03
-0.10,1.97,-0..03
-0.10,1.97,-0.98,-0
-0.10,1.97,-0..03
-0.10,1.97,-0..03
-0.10,1.97,-0..03
-0.11,1.93,-1.01,-0
-0.11,1.93,-1..03
-0.11,1.93,-1.01,-0
-0.11,1.93,-1..03
-0.11,1.93,-1.01,-0
-0.11,1.89,-1..03
-0.11,1.89,-1.05,-0
-0.11,1.89,-1..03
-0.11,1.89,-1.05,-0
-0.11,1.89,-1..03
-0.11,1.85,-1.08,-0
-0.11,1.85,-1..03
-0.11,2.01,-0..03
-0.11,2.01,-0.97,-0
-0.11,2.01,-0..03
-0.12,1.98,-1.01,-0
-0.12,1.98,-1..03
-0.12,1.98,-1..03
-0.12,1.98,-1.01,-0
-0.12,1.98,-1.01,-0
-0.12,1.94,-1..03
-0.12,1.94,-1..03
-0.12,1.94,-1.05,-0
-0.12,1.94,-1..03
-0.12,1.94,-1.05,-0
-0.12,1.90,-1.08,-0
-0.12,1.90,-1.08,-0
-0.12,1.90,-1..03
-0.12,1.90,-1..03
-0.12,1.90,-1.08,-0
-0.13,1.86,-1..03
-0.13,1.86,-1..03
-0.13,1.86,-1.12,-0
-0.13,1.86,-1..03
-0.13,2.01,-1..03
-0.13,1.98,-1.05,-0
-0.13,1.98,-1.05,-0
-0.13,1.98,-1.05,-0
-0.13,1.98,-1..03
-0.13,1.98,-1..03
-0.13,1.94,-1.09,-0
-0.13,1.94,-1..03
-0.13,1.94,-1.09,-0
-0.13,1.94,-1..03
-0.13,1.94,-1.09,-0
-0.13,1.91,-1..03
-0.13,1.91,-1.12,-0
-0.13,1.91,-1..03
-0.13,1.91,-1.12,-0
-0.13,1.91,-1..03
-0.14,1.87,-1.16,-0
-0.14,1.87,-1..03
-0.14,1.87,-1..03
-0.14,1.87,-1.16,-0
-0.14,1.87,-1..03
-0.14,1.82,-1..03
-0.14,2.0,-1.08,-0.
-0.14,2.0,-1.08,-0.
-0.14,2.0,-1.003
-0.14,2.0,-1.003
-0.14,1.96,-1..03
-0.14,1.96,-1.12,-0
-0.14,1.96,-1..03
-0.14,1.96,-1.12,-0
-0.14,1.96,-1..03
-0.15,1.93,-1.16,-0
-0.15,1.93,-1..03
-0.15,1.93,-1..03
-0.15,1.93,-1.16,-0
-0.15,1.93,-1..03
-0.15,1.89,-1..03
-0.15,1.89,-1.20,-0
-0.15,1.89,-1.20,-0
-0.15,1.89,-1..03
-0.15,1.89,-1..03
-0.16,1.85,-1.23,-0
-0.16,1.85,-1..03
-0.16,1.85,-1..03
-0.16,2.01,-1..04
-0.16,2.01,-1.13,-0
-0.16,1.97,-1..04
-0.16,1.97,-1.17,-0
-0.16,1.97,-1..04
-0.16,1.97,-1..04
-0.16,1.97,-1..04
-0.16,1.94,-1.21,-0
-0.16,1.94,-1..04
-0.16,1.94,-1.21,-0
-0.16,1.94,-1..04
-0.16,1.94,-1.21,-0
-0.17,1.90,-1..04
-0.17,1.90,-1.25,-0
-0.17,1.90,-1..04
-0.17,1.90,-1..04
-0.17,1.90,-1.25,-0
-0.17,1.86,-1..04
-0.17,1.86,-1.29,-0
-0.17,1.86,-1..04
-0.17,1.86,-1..04
-0.17,1.86,-1.29,-0
-0.17,1.99,-1..04
-0.17,1.99,-1.21,-0
-0.17,1.99,-1..04
-0.17,1.99,-1.21,-0
-0.17,1.99,-1..04
-0.18,1.96,-1..04
-0.18,1.96,-1.25,-0
-0.18,1.96,-1..04
-0.18,1.96,-1..04
-0.18,1.96,-1.25,-0
-0.18,1.92,-1..04
-0.18,1.92,-1..04
-0.18,1.92,-1.30,-0
-0.18,1.92,-1..04
-0.18,1.92,-1..04
-0.19,1.88,-1.34,-0
-0.19,1.88,-1.34,-0
-0.19,1.88,-1..04
-0.19,1.88,-1.34,-0
-0.19,1.88,-1..04
-0.19,1.84,-1.38,-0
-0.19,1.84,-1..04
-0.19,1.84,-1.38,-0
-0.19,2.0,-1.204
-0.19,2.0,-1.27,-0.
-0.19,1.96,-1..04
-0.19,1.96,-1.31,-0
-0.19,1.96,-1..04
-0.19,1.96,-1.31,-0
-0.19,1.96,-1.31,-0
-0.20,1.93,-1.35,-0
-0.20,1.93,-1.35,-0.04
-0.20,1.93,-1..04
-0.20,1.93,-1..04
-0.20,1.93,-1..04
-0.20,1.89,-1..04
-0.20,1.89,-1.40,-0
-0.20,1.89,-1..04
-0.20,1.89,-1..04
-0.20,1.89,-1.40,-0
-0.21,1.85,-1..04
-0.21,1.85,-1.44,-0
-0.21,1.85,-1..04
-0.21,1.85,-1..04
-0.21,2.0,-1.33,-0.
-0.21,1.97,-1..04
-0.21,1.97,-1..04
-0.21,1.97,-1.37,-0
-0.21,1.97,-1..04
-0.21,1.97,-1.37,-0
-0.21,1.93,-1..04
-0.21,1.93,-1..04
-0.21,1.93,-1.41,-0
-0.21,1.93,-1..04
-0.21,1.93,-1.41,-0
-0.22,1.89,-1.45,-0
-0.22,1.89,-1.45,-0
-0.22,1.89,-1..04
-0.22,1.89,-1..04
-0.22,1.89,-1.45,-0
-0.22,1.85,-1..04
-0.22,1.85,-1.49,-0
-0.22,1.85,-1..04
-0.22,1.85,-1..04
-0.22,1.85,-1.49,-0
-0.23,1.98,-1.41,-0
-0.23,1.98,-1.41,-0
-0.23,1.98,-1..04
-0.23,1.98,-1..04
-0.23,1.98,-1..04
-0.23,1.95,-1.45,-0
-0.23,1.95,-1..04
-0.23,1.95,-1..04
-0.23,1.95,-1.45,-0
-0.23,1.95,-1.45,-0
-0.24,1.91,-1.49,-0
-0.24,1.91,-1..04
-0.24,1.91,-1..04
-0.24,1.91,-1..04
-0.24,1.91,-1..04
-0.24,1.87,-1.53,-0
-0.24,1.87,-1..04
-0.24,1.87,-1.53,-0
-0.24,1.87,-1..04
-0.24,1.87,-1..04
-0.25,1.99,-1.48,-0
-0.25,1.99,-1..04
-0.25,1.99,-1..04
-0.25,1.99,-1.48,-0
-0.25,1.99,-1.48,-0
-0.25,1.95,-1.51,-0
-0.25,1.95,-1..04
-0.25,1.95,-1..04
-0.25,1.95,-1.51,-0
-0.25,1.95,-1.51,-0
-0.26,1.92,-1..04
-0.26,1.92,-1..04
-0.26,1.92,-1.56,-0
-0.26,1.92,-1.56,-0
-0.26,1.92,-1..04
-0.26,1.88,-1.60,-0
-0.26,1.88,-1..04
-0.26,1.88,-1..04
-0.26,1.88,-1.60,-0
-0.26,1.88,-1.60,-0
-0.27,1.84,-1..04
-0.27,1.84,-1..04
-0.27,1.99,-1.55,-0
-0.27,1.99,-1..04
-0.27,1.99,-1.55,-0
-0.27,1.95,-1..04
-0.27,1.95,-1.59,-0
-0.27,1.95,-1.59,-0
-0.27,1.95,-1..04
-0.27,1.95,-1.59,-0
-0.28,1.92,-1.64,-0
-0.28,1.92,-1..04
-0.28,1.92,-1..04
-0.28,1.92,-1.64,-0
-0.28,1.92,-1.64,-0
-0.28,1.88,-1..04
-0.28,1.88,-1..04
-0.28,1.88,-1..04
-0.28,1.88,-1.68,-0
-0.28,1.88,-1..04
-0.29,1.84,-1.72,-0
-0.29,1.84,-1..04
-0.29,1.84,-1..04
-0.29,1.84,-1.72,-0
-0.29,1.99,-1.63,-0
-0.30,1.95,-1.68,-0
-0.30,1.95,-1..05
-0.30,1.95,-1.68,-0
-0.30,1.95,-1..05
-0.30,1.95,-1..05
-0.30,1.92,-1.72,-0
-0.30,1.92,-1..05
-0.30,1.92,-1.72,-0
-0.30,1.92,-1.72,-0.05
-0.30,1.92,-1..05
-0.31,1.88,-1.76,-0
-0.31,1.88,-1.76,-0.05
-0.31,1.88,-1..05
-0.31,1.88,-1.76,-0
-0.31,1.88,-1..05
-0.31,1.84,-1.80,-0
-0.31,1.84,-1.80,-0
-0.31,1.84,-1..05
-0.31,1.84,-1.80,-0
-0.31,1.84,-1.80,-0
-0.33,1.97,-1..05
-0.33,1.97,-1..05
-0.33,1.97,-1..05
-0.33,1.97,-1..05
-0.33,1.97,-1.74,-0
-0.33,1.94,-1..05
-0.33,1.94,-1..05
-0.33,1.94,-1.78,-0
-0.33,1.94,-1.78,-0
-0.33,1.94,-1.78,-0
-0.34,1.90,-1.83,-0
-0.34,1.90,-1..05
-0.34,1.90,-1..05
-0.34,1.90,-1..05
-0.34,1.90,-1..05
-0.34,1.86,-1.87,-0
-0.34,1.86,-1..05
-0.34,1.86,-1..05
-0.34,1.86,-1.87,-0
-0.34,1.86,-1..05
-0.35,1.82,-1..05
-0.35,1.97,-1.82,-0
-0.35,1.97,-1.82,-0
-0.35,1.97,-1..05
-0.35,1.97,-1.82,-0
-0.36,1.94,-1..05
-0.36,1.94,-1..05
-0.36,1.94,-1..05
-0.36,1.94,-1.87,-0
-0.36,1.94,-1..05
-0.36,1.90,-1.91,-0
-0.36,1.90,-1..05
-0.36,1.90,-1..05
-0.36,1.90,-1.91,-0
-0.36,1.90,-1..05
-0.37,1.87,-1.96,-0
-0.37,1.87,-1..05
-0.37,1.87,-1.96,-0
-0.37,1.87,-1..05
-0.37,1.87,-1..05
-0.38,1.83,-2.01,-0
-0.38,1.83,-2.01,-0
-0.39,1.98,-1..05
-0.39,1.98,-1..05
-0.39,1.98,-1..05
-0.39,1.94,-1.97,-0
-0.39,1.94,-1.97,-0
-0.39,1.94,-1..05
-0.39,1.94,-1..05
-0.39,1.94,-1.97,-0
-0.40,1.91,-2.02,-0
-0.40,1.91,-2..05
-0.40,1.91,-2..05
-0.40,1.91,-2..05
-0.40,1.91,-2.02,-0
-0.40,1.87,-2..05
-0.40,1.87,-2.07,-0
-0.40,1.87,-2..05
-0.40,1.87,-2..05
-0.40,1.87,-2.07,-0
-0.41,1.83,-2.12,-0
-0.41,1.83,-2.12,-0
-0.41,1.83,-2..05
-0.41,1.83,-2..05
-0.42,1.97,-2.06,-0
-0.43,1.94,-2.11,-0
-0.43,1.94,-2.11,-0
-0.43,1.94,-2..05
-0.43,1.94,-2..05
-0.43,1.94,-2..05
-0.43,1.90,-2..05
-0.43,1.90,-2.15,-0
-0.43,1.90,-2.15,-0
-0.43,1.90,-2..05
-0.43,1.90,-2.15,-0
-0.44,1.87,-2..05
-0.44,1.87,-2..05
-0.44,1.87,-2.20,-0
-0.44,1.87,-2..05
-0.44,1.87,-2.20,-0
-0.45,1.83,-2..05
-0.45,1.83,-2..05
-0.45,1.83,-2..05
-0.45,1.83,-2.25,-0
-0.45,1.83,-2..05
-0.47,1.95,-2..05
-0.47,1.95,-2.19,-0
-0.47,1.95,-2..05
-0.47,1.95,-2.19,-0
-0.47,1.95,-2..05
-0.47,1.92,-2.23,-0
-0.47,1.92,-2..06
-0.47,1.92,-2.23,-0
-0.47,1.92,-2..06
-0.47,1.92,-2..06
-0.48,1.88,-2.27,-0
-0.48,1.88,-2.27,-0.06
-0.48,1.88,-2..06
-0.48,1.88,-2.27,-0
-0.48,1.88,-2..06
-0.48,1.84,-2..06
-0.48,1.84,-2..06
-0.48,1.84,-2.32,-0
-0.48,1.84,-2..06
-0.48,1.84,-2.32,-0
-0.49,1.80,-2..05
-0.49,1.80,-2..05
-0.51,1.95,-2..06
-0.51,1.95,-2.31,-0
0.01,1.67,0.0,0.0
0.01,1.67,0.0,0.0
0.01,1.67,0.0,0.0
0.01,1.67,0.0,0.0
0.01,1.67,0.0,0.0
0.01,1.67,0.0,0.0
0.01,1.67,0.0,0.0
0.01,1.67,0.0,0.0
0.01,1.67,0.0,0.0
0.01,1.67,0.01,0.0
0.01,1.67,0.01,0.0
0.01,1.67,0.01,0.0
0.01,1.67,0.01,0.0
0.01,1.67,0.01,0.0
0.01,1.67,0.01,0.0
0.01,1.67,0.01,0.0
0.01,1.67,0.01,0.0
0.01,1.67,0.01,0.0
0.01,1.67,0.01,0.0
0.01,1.67,0.01,0.0
0.01,1.67,0.01,0.0
0.01,1.67,0.01,0.0
0.01,1.67,-0.01,0.0
0.01,1.67,-0.01,0.0
0.01,1.67,-0.01,0.0
0.01,1.67,-0.01,0.0
0.01,1.67,-0.01,0.0
0.01,1.67,-0.01,0.0
0.01,1.67,-0.01,0.0
0.01,1.67,-0.01,0.0
0.01,1.67,-0.01,0.0
0.01,1.67,-0.01,0.0
0.01,1.66,0.08,0.0
0.01,1.66,0.08,0.0
0.01,1.66,0.08,0.0
0.01,1.66,0.08,0.0
0.01,1.66,0.08,0.0
0.01,1.66,0.08,0.0
0.01,1.66,0.08,0.0
0.01,1.66,0.08,0.0
0.01,1.66,0.08,0.0
0.01,1.66,0.08,0.0
0.0,1.66,0.09,0.0
0.0,1.66,0.09,0.0
0.0,1.66,0.09,0.0
0.0,1.66,0.09,0.0
0.0,1.66,0.09,0.0
0.0,1.67,0.03,0.0
0.0,1.67,0.03,0.0
0.0,1.67,0.03,0.0
0.0,1.67,0.03,0.0
0.0,1.67,0.03,0.0
0.0,1.67,0.02,-0.0
0.0,1.67,0.02,-0.0
0.0,1.67,0.02,-0.0
0.0,1.67,0.02,-0.0
0.0,1.66,0.02,-0.0
0.0,1.66,0.02,-0.0
0.0,1.66,0.02,-0.0
0.0,1.66,0.02,-0.0
0.0,1.66,0.02,-0.0
0.0,1.66,0.02,-0.0
0.0,1.66,0.02,-0.0
0.0,1.67,0.02,-0.0
0.0,1.67,0.02,-0.0
0.0,1.67,0.02,-0.0
0.0,1.66,0.01,-0.0
0.0,1.66,0.01,-0.0
0.0,1.66,0.01,-0.0
0.0,1.66,0.01,-0.0
0.0,1.66,0.01,-0.0
0.0,1.66,0.01,-0.0
0.0,1.67,0.01,-0.0
0.0,1.67,0.01,-0.0
0.0,1.67,0.01,-0.0
0.0,1.67,0.01,-0.0
0.0,1.66,0.0,-0.01
0.0,1.66,0.0,-0.01
0.0,1.66,0.0,-0.01
0.0,1.66,0.0,-0.01
0.0,1.66,0.0,-0.01
0.0,1.66,0.0,-0.01
0.0,1.66,-0.0,-0.01
0.0,1.66,-0.0,-0.01
0.0,1.66,-0.0,-0.01
0.0,1.66,-0.0,-0.01
0.0,1.66,-0.0,-0.01
0.0,1.66,-0.0,-0.01
0.0,1.66,-0.01,-0.01
0.0,1.66,-0.01,-0.01
0.0,1.66,-0.01,-0.01
0.0,1.66,-0.01,-0.01
0.0,1.67,-0.01,-0.01
0.0,1.67,-0.02,-0.02
0.0,1.67,-0.02,-0.02
0.0,1.67,-0.02,-0.02
0.0,1.67,-0.02,-0.02
0.0,1.67,-0.02,-0.02
0.0,1.67,-0.01,-0.02
0.0,1.67,-0.01,-0.02
0.0,1.67,-0.01,-0.02
0.0,1.67,-0.01,-0.02
0.0,1.67,-0.01,-0.02
0.0,1.67,-0.02,-0.02
0.0,1.67,-0.02,-0.02
0.0,1.67,-0.02,-0.02
0.0,1.67,-0.02,-0.02
0.0,1.67,-0.02,-0.02
0.0,1.67,-0.02,-0.02
0.0,1.67,-0.02,-0.02
0.0,1.67,-0.02,-0.02
0.0,1.67,-0.03,-0.02
0.0,1.67,-0.03,-0.02
0.0,1.67,-0.03,-0.02
0.0,1.67,-0.03,-0.02
0.0,1.67,-0.03,-0.02
0.0,1.67,-0.03,-0.02
0.0,1.67,-0.03,-0.02
0.0,1.67,-0.05,-0.02
0.0,1.67,-0.05,-0.02
0.0,1.67,-0.05,-0.02
0.0,1.67,-0.05,-0.02
0.0,1.67,-0.05,-0.02
0.0,1.67,-0.05,-0.02
0.0,1.68,-0.07,-0.02
0.0,1.68,-0.07,-0.02
0.0,1.68,-0.07,-0.02
0.0,1.67,-0.08,-0.02
0.0,1.68,-0.09,-0.02
0.0,1.68,-0.09,-0.02
0.0,1.68,-0.09,-0.02
0.0,1.68,-0.09,-0.02
0.0,1.68,-0.09,-0.02
0.0,1.68,-0.10,-0.02
0.0,1.68,-0.10,-0.02
0.0,1.68,-0.10,-0.02
0.0,1.68,-0.10,-0.02
0.0,1.68,-0.10,-0.02
0.0,1.68,-0.10,-0.02
0.0,1.68,-0.12,-0.02
0.0,1.68,-0.12,-0.02
0.0,1.68,-0.12,-0.02
0.0,1.68,-0.12,-0.02
0.0,1.68,-0.12,-0.02
0.0,1.68,-0.12,-0.02
0.0,1.68,-0.12,-0.02
0.0,1.68,-0.12,-0.02
0.0,1.67,-0.18,-0.02
0.0,1.67,-0.19,-0.02
0.0,1.67,-0.19,-0.02
0.0,1.67,-0.19,-0.02
0.0,1.67,-0.19,-0.02
0.0,1.67,-0.19,-0.02
0.0,1.67,-0.20,-0.02
0.0,1.67,-0.20,-0.02
0.0,1.67,-0.20,-0.02
0.0,1.67,-0.20,-0.02
0.0,1.67,-0.20,-0.02
0.0,1.67,-0.21,-0.02
0.0,1.67,-0.21,-0.02
0.0,1.67,-0.21,-0.02
0.0,1.67,-0.20,-0.02
0.0,1.67,-0.20,-0.02
0.0,1.68,-0.21,-0.01
0.0,1.68,-0.21,-0.01
0.0,1.68,-0.21,-0.01
0.0,1.68,-0.21,-0.01
0.0,1.68,-0.21,-0.01
0.0,1.68,-0.21,-0.01
0.0,1.68,-0.22,-0.01
0.0,1.68,-0.22,-0.01
0.0,1.68,-0.22,-0.01
0.0,1.68,-0.22,-0.01
0.0,1.68,-0.22,-0.01
0.0,1.68,-0.22,-0.01
0.0,1.68,-0.22,-0.01
0.0,1.68,-0.22,-0.01
0.0,1.68,-0.22,-0.01
0.0,1.68,-0.22,-0.01
0.0,1.68,-0.22,-0.01
0.0,1.68,-0.22,-0.01
0.0,1.68,-0.22,-0.0
0.0,1.68,-0.22,-0.0
0.0,1.68,-0.22,-0.0
0.0,1.68,-0.22,-0.0
0.0,1.68,-0.22,-0.0
0.0,1.68,-0.22,-0.0
0.0,1.68,-0.22,-0.0
0.0,1.68,-0.22,-0.0
0.0,1.68,-0.21,-0.0
0.0,1.68,-0.21,-0.0
0.0,1.68,-0.21,-0.0
0.0,1.68,-0.21,-0.0
0.0,1.68,-0.21,-0.0
0.0,1.68,-0.21,-0.0
0.0,1.68,-0.21,-0.0
0.0,1.68,-0.20,-0.0
0.0,1.68,-0.20,-0.0
0.0,1.68,-0.20,-0.0
0.0,1.68,-0.20,-0.0
0.0,1.68,-0.19,-0.0
0.0,1.68,-0.19,-0.0
0.0,1.68,-0.19,-0.0
0.0,1.68,-0.19,-0.0
0.0,1.68,-0.19,-0.0
0.0,1.68,-0.17,-0.0
0.0,1.68,-0.16,-0.0
0.0,1.68,-0.16,-0.0
0.0,1.68,-0.16,-0.0
0.0,1.68,-0.16,-0.0
0.0,1.68,-0.14,-0.0
0.0,1.68,-0.14,-0.0
0.0,1.68,-0.14,-0.0
0.0,1.68,-0.14,-0.0
0.0,1.68,-0.14,-0.0
0.0,1.68,-0.12,-0.0
0.0,1.68,-0.12,-0.0
0.0,1.68,-0.12,-0.0
0.0,1.68,-0.12,-0.0
0.0,1.68,-0.12,-0.0
0.0,1.68,-0.12,-0.0
0.0,1.68,-0.12,-0.0
0.0,1.68,-0.12,-0.0
0.0,1.68,-0.08,-0.0
0.0,1.68,-0.08,-0.0
0.0,1.68,-0.05,-0.0
0.0,1.68,-0.05,-0.0
0.0,1.68,-0.05,-0.0
0.0,1.68,-0.04,0.0
0.0,1.68,-0.04,0.0
0.0,1.68,-0.04,0.0
0.0,1.68,-0.04,0.0
0.0,1.68,-0.04,0.0
0.0,1.68,-0.01,0.0
0.0,1.68,-0.01,0.0
0.0,1.68,0.01,-0.0
0.0,1.68,0.02,-0.0
0.0,1.68,0.02,-0.0
0.0,1.68,0.02,-0.0
0.0,1.68,0.02,-0.0
0.0,1.68,0.02,-0.0
0.0,1.68,0.02,-0.0
0.0,1.68,0.02,-0.0
-0.0,1.68,0.06,0.0
-0.0,1.68,0.06,0.0
-0.0,1.68,0.10,-0.0
-0.0,1.68,0.10,-0.0
-0.0,1.68,0.10,-0.0
-0.0,1.68,0.10,-0.0
-0.0,1.68,0.10,-0.0
-0.0,1.68,0.10,-0.0
-0.0,1.68,0.10,-0.0
-0.0,1.68,0.10,-0.0
-0.0,1.68,0.15,-0.0
-0.0,1.68,0.15,-0.0
-0.0,1.68,0.19,-0.0
-0.0,1.68,0.19,-0.0
-0.0,1.68,0.19,-0.0
-0.0,1.68,0.19,-0.0
-0.0,1.68,0.19,-0.0
-0.0,1.68,0.19,-0.0
-0.0,1.68,0.19,-0.0
-0.0,1.68,0.19,-0.0
-0.01,1.69,0.25,-0.0
-0.01,1.69,0.25,-0.0
-0.01,1.69,0.30,-0.0
-0.01,1.69,0.30,-0.0
-0.01,1.69,0.30,-0.0
-0.01,1.69,0.30,-0.0
-0.01,1.69,0.30,-0.0
-0.01,1.69,0.30,-0.0
-0.01,1.69,0.30,-0.0
-0.01,1.69,0.30,-0.0
-0.01,1.69,0.36,-0.0
-0.01,1.69,0.36,-0.0
-0.01,1.69,0.36,-0.0
-0.01,1.69,0.36,-0.0
0.0,1.68,0.41,-0.01
0.0,1.68,0.41,-0.01
0.0,1.68,0.41,-0.01
0.0,1.68,0.41,-0.01
0.0,1.67,0.46,-0.02
0.0,1.67,0.46,-0.02
0.0,1.67,0.46,-0.02
0.0,1.67,0.46,-0.02
0.0,1.67,0.46,-0.02
0.0,1.67,0.52,-0.02
0.0,1.67,0.52,-0.02
0.0,1.67,0.52,-0.02
0.0,1.67,0.52,-0.02
0.0,1.67,0.52,-0.02
0.0,1.67,0.52,-0.02
0.0,1.67,0.52,-0.02
0.07,1.63,0.53,-0.05
0.07,1.63,0.53,-0.05
0.07,1.63,0.53,-0.05
0.07,1.63,0.59,-0.05
0.07,1.63,0.59,-0.05
0.07,1.63,0.59,-0.05
0.07,1.63,0.59,-0.05
0.07,1.63,0.59,-0.05
0.07,1.63,0.59,-0.05
0.07,1.63,0.59,-0.05
0.08,1.62,0.67,-0.05
0.08,1.62,0.67,-0.05
0.08,1.62,0.67,-0.05
0.08,1.62,0.73,-0.06
0.08,1.62,0.73,-0.06
0.15,1.58,0.65,-0.08
0.15,1.58,0.65,-0.08
0.15,1.58,0.65,-0.08
0.15,1.58,0.65,-0.08
0.15,1.58,0.65,-0.08
0.16,1.57,0.74,-0.08
0.16,1.57,0.74,-0.08
0.16,1.57,0.74,-0.08
0.17,1.57,0.81,-0.08
0.17,1.57,0.81,-0.08
0.17,1.57,0.81,-0.08
0.17,1.57,0.81,-0.08
0.17,1.57,0.81,-0.08
0.17,1.57,0.81,-0.08
0.17,1.57,0.81,-0.08
0.14,1.58,0.94,-0.07
0.14,1.58,0.94,-0.07
0.14,1.58,0.94,-0.07
0.15,1.58,1.01,-0.07
0.15,1.58,1.01,-0.07
0.15,1.58,1.01,-0.07
0.15,1.58,1.01,-0.07
0.15,1.58,1.01,-0.07
0.15,1.58,1.01,-0.07
0.15,1.58,1.04,-0.07
0.16,1.57,1.13,-0.06
0.16,1.57,1.13,-0.06
0.16,1.57,1.13,-0.06
0.16,1.57,1.13,-0.06
0.16,1.57,1.13,-0.06
0.17,1.56,1.21,-0.06
0.15,1.58,1.23,-0.05
0.15,1.58,1.23,-0.05
0.15,1.58,1.23,-0.05
0.15,1.58,1.22,-0.05
0.15,1.57,1.29,-0.05
0.15,1.57,1.29,-0.05
0.15,1.57,1.29,-0.05
0.15,1.57,1.29,-0.05
0.15,1.57,1.29,-0.05
0.16,1.57,1.36,-0.04
0.16,1.57,1.36,-0.04
0.16,1.57,1.36,-0.04
0.16,1.57,1.36,-0.04
0.16,1.57,1.36,-0.04
0.10,1.60,1.47,-0.01
0.10,1.60,1.47,-0.01
0.10,1.60,1.47,-0.01
0.10,1.60,1.47,-0.01
0.10,1.60,1.47,-0.01
0.10,1.60,1.54,-0.0
0.10,1.60,1.54,-0.0
0.10,1.60,1.54,-0.0
0.10,1.60,1.54,-0.0
0.10,1.60,1.54,-0.0
0.10,1.59,1.61,0.0
0.10,1.59,1.61,0.0
0.10,1.59,1.61,0.0
0.10,1.59,1.61,0.0
0.10,1.59,1.61,0.0
0.07,1.61,1.68,0.02
0.07,1.61,1.68,0.02
0.07,1.61,1.68,0.02
0.07,1.61,1.68,0.02
0.06,1.61,1.67,0.02
0.06,1.61,1.74,0.04
0.06,1.61,1.74,0.04
0.06,1.61,1.74,0.04
0.06,1.61,1.74,0.04
0.06,1.61,1.74,0.04
0.06,1.60,1.80,0.05
0.06,1.60,1.80,0.05
0.06,1.60,1.80,0.05
0.06,1.60,1.80,0.05
0.06,1.60,1.79,0.05
0.06,1.60,1.85,0.06
0.06,1.60,1.85,0.07
0.06,1.60,1.85,0.07
0.06,1.60,1.85,0.07
0.06,1.60,1.85,0.07
0.06,1.60,1.91,0.08
0.06,1.60,1.91,0.08
0.06,1.60,1.91,0.08
0.06,1.60,1.91,0.08
0.06,1.60,1.91,0.08
0.06,1.59,1.96,0.09
0.06,1.59,1.96,0.09
0.06,1.59,1.96,0.09
0.06,1.59,1.96,0.09
0.06,1.59,1.96,0.09
0.06,1.59,1.96,0.09
0.02,1.61,2.02,0.11
0.02,1.61,2.02,0.11
0.02,1.61,2.02,0.11
0.01,1.61,1.99,0.11
0.01,1.61,2.05,0.13
0.01,1.61,2.05,0.13
0.01,1.61,2.05,0.13
0.01,1.61,2.05,0.13
0.01,1.61,2.05,0.13
0.01,1.61,2.09,0.14
0.01,1.61,2.09,0.14
0.01,1.61,2.09,0.14
0.01,1.61,2.09,0.14
0.01,1.61,2.08,0.14
0.01,1.60,2.12,0.14
-0.04,1.64,2.08,0.16
-0.04,1.64,2.08,0.16
-0.04,1.64,2.08,0.16
-0.04,1.64,2.08,0.16
-0.05,1.64,2.13,0.17
-0.05,1.64,2.13,0.17
-0.05,1.64,2.13,0.17
-0.05,1.64,2.13,0.17
-0.05,1.64,2.07,0.17
-0.05,1.64,2.07,0.17
-0.06,1.63,2.11,0.17
-0.06,1.63,2.11,0.17
-0.06,1.63,2.11,0.17
-0.06,1.63,2.11,0.17
-0.06,1.63,2.11,0.17
-0.07,1.63,2.15,0.18
-0.07,1.63,2.15,0.18
-0.07,1.63,2.15,0.18
-0.07,1.63,2.15,0.18
-0.08,1.64,2.08,0.18
-0.08,1.64,2.11,0.18
-0.08,1.64,2.11,0.18
-0.08,1.64,2.11,0.18
-0.08,1.64,2.11,0.18
-0.08,1.64,2.11,0.18
-0.09,1.64,2.14,0.18
-0.09,1.64,2.14,0.18
-0.09,1.64,2.14,0.18
-0.09,1.63,2.10,0.17
-0.09,1.63,2.10,0.17
-0.10,1.63,2.12,0.17
-0.10,1.63,2.12,0.17
-0.13,1.65,2.08,0.18
-0.13,1.65,2.08,0.18
-0.13,1.65,2.08,0.18
-0.14,1.65,2.10,0.17
-0.14,1.65,2.10,0.17
-0.14,1.65,2.10,0.17
-0.14,1.65,2.04,0.17
-0.14,1.65,2.04,0.17
-0.15,1.65,2.05,0.16
-0.15,1.65,2.05,0.16
-0.15,1.65,2.05,0.16
-0.15,1.65,2.05,0.16
-0.15,1.65,2.05,0.16
-0.16,1.65,2.07,0.15
-0.16,1.65,2.07,0.15
-0.16,1.65,2.07,0.15
-0.18,1.67,2.03,0.15
-0.18,1.67,2.03,0.15
-0.20,1.67,2.04,0.14
-0.20,1.67,2.04,0.14
-0.20,1.67,2.04,0.14
-0.20,1.67,2.04,0.14
-0.20,1.67,2.04,0.14
-0.21,1.67,2.05,0.12
-0.21,1.67,2.05,0.12
-0.21,1.67,2.05,0.12
-0.21,1.67,2.05,0.12
-0.21,1.67,2.05,0.12
-0.22,1.67,2.06,0.10
-0.22,1.67,2.06,0.10
-0.22,1.67,2.06,0.10
-0.21,1.65,2.09,0.10
-0.21,1.65,2.09,0.10
-0.21,1.65,2.09,0.10
-0.21,1.65,2.00
-0.21,1.65,2.00
-0.21,1.65,2.00
-0.19,1.65,1.76
-0.19,1.65,1.79,0.0
-0.19,1.65,1.76
-0.21,1.65,1.74
-0.21,1.65,1.79,0.0
-0.21,1.65,1.74
-0.21,1.65,1.74
-0.21,1.65,1.74
-0.22,1.64,1.80,0.0
-0.19,1.62,1.8
-0.19,1.62,1.8
-0.19,1.62,1.8
-0.19,1.62,1.88,0.0
-0.19,1.62,1.8
-0.20,1.62,1.802
-0.20,1.62,1.802
-0.20,1.62,1.89,-0.
-0.20,1.62,1.89,-0.
-0.20,1.62,1.802
-0.21,1.61,1.805
-0.21,1.61,1.89,-0.
-0.21,1.61,1.805
-0.21,1.61,1.89,-0.
-0.21,1.61,1.805
-0.22,1.61,1.89,-0.
-0.22,1.61,1.808
-0.22,1.61,1.808
-0.22,1.61,1.808
-0.22,1.61,1.89,-0.
-0.23,1.61,1.811
-0.23,1.61,1.87,-0.
0.09,1.29,2.09,-0.1
0.09,1.29,2.09,-0.1
0.09,1.29,2.09,-0.18
0.10,1.26,2.091
0.10,1.26,2.09,-0.2
0.10,1.26,2.09,-0.2
0.10,1.26,2.091
0.10,1.26,2.091
0.10,1.23,2.094
0.10,1.23,2.094
0.10,1.23,2.09,-0.2
0.10,1.23,2.094
0.10,1.23,2.094
0.10,1.23,2.09,-0.2
0.10,1.23,2.094
0.10,1.23,2.094
0.10,1.23,2.09,-0.2
0.10,1.23,2.094
0.02,1.34,2.60,-0.2
0.02,1.34,2.608
0.02,1.34,2.608